[async_value_nullable_pattern] 2025-08-13T15:52:11.993142 Plugin async_value_nullable_pattern threw while analyzing C:\Users\davi5\OneDrive\Desktop\Cinebox\lib\ui\splash\splash_screen.dart:
[async_value_nullable_pattern] 2025-08-13T15:52:11.993142 Null check operator used on a null value
[async_value_nullable_pattern] 2025-08-13T15:52:11.993142 #0      ErrorVerifier._checkForMixinWithConflictingPrivateMember (package:analyzer/src/generated/error_verifier.dart:4257:52)
[async_value_nullable_pattern] 2025-08-13T15:52:11.993142 #1      ErrorVerifier._checkClassInheritance (package:analyzer/src/generated/error_verifier.dart:1570:7)
[async_value_nullable_pattern] 2025-08-13T15:52:11.993142 #2      ErrorVerifier.visitClassDeclaration (package:analyzer/src/generated/error_verifier.dart:463:26)
[async_value_nullable_pattern] 2025-08-13T15:52:11.993142 #3      ClassDeclarationImpl.accept (package:analyzer/src/dart/ast/ast.dart:2937:50)
[async_value_nullable_pattern] 2025-08-13T15:52:11.993142 #4      NodeListImpl.accept (package:analyzer/src/dart/ast/ast.dart:13245:20)
[async_value_nullable_pattern] 2025-08-13T15:52:11.993142 #5      CompilationUnitImpl.visitChildren (package:analyzer/src/dart/ast/ast.dart:3613:21)
[async_value_nullable_pattern] 2025-08-13T15:52:11.993142 #6      RecursiveAstVisitor.visitCompilationUnit (package:analyzer/dart/ast/visitor.dart:964:10)
[async_value_nullable_pattern] 2025-08-13T15:52:11.993142 #7      ErrorVerifier.visitCompilationUnit (package:analyzer/src/generated/error_verifier.dart:548:11)
[async_value_nullable_pattern] 2025-08-13T15:52:11.993142 #8      CompilationUnitImpl.accept (package:analyzer/src/dart/ast/ast.dart:3606:50)
[async_value_nullable_pattern] 2025-08-13T15:52:11.993142 #9      LibraryAnalyzer._computeVerifyErrors (package:analyzer/src/dart/analysis/library_analyzer.dart:485:10)
[async_value_nullable_pattern] 2025-08-13T15:52:11.993142 #10     LibraryAnalyzer._computeDiagnostics (package:analyzer/src/dart/analysis/library_analyzer.dart:328:7)
[async_value_nullable_pattern] 2025-08-13T15:52:11.993142 #11     LibraryAnalyzer.analyze.<anonymous closure> (package:analyzer/src/dart/analysis/library_analyzer.dart:126:7)
[async_value_nullable_pattern] 2025-08-13T15:52:11.993142 #12     OperationPerformanceImpl.run (package:analyzer/src/util/performance/operation_performance.dart:155:23)
[async_value_nullable_pattern] 2025-08-13T15:52:11.993142 #13     LibraryAnalyzer.analyze (package:analyzer/src/dart/analysis/library_analyzer.dart:125:17)
[async_value_nullable_pattern] 2025-08-13T15:52:11.993142 #14     AnalysisDriver._analyzeFileImpl.<anonymous closure>.<anonymous closure> (package:analyzer/src/dart/analysis/driver.dart:1417:13)
[async_value_nullable_pattern] 2025-08-13T15:52:11.993142 #15     OperationPerformanceImpl.run (package:analyzer/src/util/performance/operation_performance.dart:155:23)
[async_value_nullable_pattern] 2025-08-13T15:52:11.993142 #16     AnalysisDriver._analyzeFileImpl.<anonymous closure> (package:analyzer/src/dart/analysis/driver.dart:1406:35)
[async_value_nullable_pattern] 2025-08-13T15:52:11.993142 #17     PerformanceLog.run (package:analyzer/src/dart/analysis/performance_logger.dart:38:15)
[async_value_nullable_pattern] 2025-08-13T15:52:11.993142 #18     AnalysisDriver._analyzeFileImpl (package:analyzer/src/dart/analysis/driver.dart:1348:20)
[async_value_nullable_pattern] 2025-08-13T15:52:11.993142 #19     AnalysisDriver._analyzeFile.<anonymous closure> (package:analyzer/src/dart/analysis/driver.dart:1325:9)
[async_value_nullable_pattern] 2025-08-13T15:52:11.993142 #20     OperationPerformanceImpl.run (package:analyzer/src/util/performance/operation_performance.dart:155:23)
[async_value_nullable_pattern] 2025-08-13T15:52:11.993142 #21     AnalysisDriver._analyzeFile (package:analyzer/src/dart/analysis/driver.dart:1322:38)
[async_value_nullable_pattern] 2025-08-13T15:52:11.993142 #22     AnalysisDriver.performWork (package:analyzer/src/dart/analysis/driver.dart:1217:7)
[async_value_nullable_pattern] 2025-08-13T15:52:11.993142 #23     AnalysisDriverScheduler._run (package:analyzer/src/dart/analysis/driver.dart:2659:24)
[async_value_nullable_pattern] 2025-08-13T15:52:11.993142 <asynchronous suspension>
[async_value_nullable_pattern] 2025-08-13T15:52:11.993142
[async_value_nullable_pattern] 2025-08-13T15:52:11.995144 Plugin async_value_nullable_pattern threw while analyzing C:\Users\davi5\OneDrive\Desktop\Cinebox\lib\ui\splash\splash_screen.dart:
[async_value_nullable_pattern] 2025-08-13T15:52:11.995144 Null check operator used on a null value
[async_value_nullable_pattern] 2025-08-13T15:52:11.995144 #0      ErrorVerifier._checkForMixinWithConflictingPrivateMember (package:analyzer/src/generated/error_verifier.dart:4257:52)
[async_value_nullable_pattern] 2025-08-13T15:52:11.995144 #1      ErrorVerifier._checkClassInheritance (package:analyzer/src/generated/error_verifier.dart:1570:7)
[async_value_nullable_pattern] 2025-08-13T15:52:11.995144 #2      ErrorVerifier.visitClassDeclaration (package:analyzer/src/generated/error_verifier.dart:463:26)
[async_value_nullable_pattern] 2025-08-13T15:52:11.995144 #3      ClassDeclarationImpl.accept (package:analyzer/src/dart/ast/ast.dart:2937:50)
[async_value_nullable_pattern] 2025-08-13T15:52:11.995144 #4      NodeListImpl.accept (package:analyzer/src/dart/ast/ast.dart:13245:20)
[async_value_nullable_pattern] 2025-08-13T15:52:11.995144 #5      CompilationUnitImpl.visitChildren (package:analyzer/src/dart/ast/ast.dart:3613:21)
[async_value_nullable_pattern] 2025-08-13T15:52:11.995144 #6      RecursiveAstVisitor.visitCompilationUnit (package:analyzer/dart/ast/visitor.dart:964:10)
[async_value_nullable_pattern] 2025-08-13T15:52:11.995144 #7      ErrorVerifier.visitCompilationUnit (package:analyzer/src/generated/error_verifier.dart:548:11)
[async_value_nullable_pattern] 2025-08-13T15:52:11.995144 #8      CompilationUnitImpl.accept (package:analyzer/src/dart/ast/ast.dart:3606:50)
[async_value_nullable_pattern] 2025-08-13T15:52:11.995144 #9      LibraryAnalyzer._computeVerifyErrors (package:analyzer/src/dart/analysis/library_analyzer.dart:485:10)
[async_value_nullable_pattern] 2025-08-13T15:52:11.995144 #10     LibraryAnalyzer._computeDiagnostics (package:analyzer/src/dart/analysis/library_analyzer.dart:328:7)
[async_value_nullable_pattern] 2025-08-13T15:52:11.995144 #11     LibraryAnalyzer.analyze.<anonymous closure> (package:analyzer/src/dart/analysis/library_analyzer.dart:126:7)
[async_value_nullable_pattern] 2025-08-13T15:52:11.995144 #12     OperationPerformanceImpl.run (package:analyzer/src/util/performance/operation_performance.dart:155:23)
[async_value_nullable_pattern] 2025-08-13T15:52:11.995144 #13     LibraryAnalyzer.analyze (package:analyzer/src/dart/analysis/library_analyzer.dart:125:17)
[async_value_nullable_pattern] 2025-08-13T15:52:11.995144 #14     AnalysisDriver._analyzeFileImpl.<anonymous closure>.<anonymous closure> (package:analyzer/src/dart/analysis/driver.dart:1417:13)
[async_value_nullable_pattern] 2025-08-13T15:52:11.995144 #15     OperationPerformanceImpl.run (package:analyzer/src/util/performance/operation_performance.dart:155:23)
[async_value_nullable_pattern] 2025-08-13T15:52:11.995144 #16     AnalysisDriver._analyzeFileImpl.<anonymous closure> (package:analyzer/src/dart/analysis/driver.dart:1406:35)
[async_value_nullable_pattern] 2025-08-13T15:52:11.995144 #17     PerformanceLog.run (package:analyzer/src/dart/analysis/performance_logger.dart:38:15)
[async_value_nullable_pattern] 2025-08-13T15:52:11.995144 #18     AnalysisDriver._analyzeFileImpl (package:analyzer/src/dart/analysis/driver.dart:1348:20)
[async_value_nullable_pattern] 2025-08-13T15:52:11.995144 #19     AnalysisDriver._analyzeFile.<anonymous closure> (package:analyzer/src/dart/analysis/driver.dart:1325:9)
[async_value_nullable_pattern] 2025-08-13T15:52:11.995144 #20     OperationPerformanceImpl.run (package:analyzer/src/util/performance/operation_performance.dart:155:23)
[async_value_nullable_pattern] 2025-08-13T15:52:11.995144 #21     AnalysisDriver._analyzeFile (package:analyzer/src/dart/analysis/driver.dart:1322:38)
[async_value_nullable_pattern] 2025-08-13T15:52:11.995144 #22     AnalysisDriver.performWork (package:analyzer/src/dart/analysis/driver.dart:1217:7)
[async_value_nullable_pattern] 2025-08-13T15:52:11.995144 #23     AnalysisDriverScheduler._run (package:analyzer/src/dart/analysis/driver.dart:2659:24)
[async_value_nullable_pattern] 2025-08-13T15:52:11.995144 <asynchronous suspension>
[async_value_nullable_pattern] 2025-08-13T15:52:11.995144
[async_value_nullable_pattern] 2025-08-13T15:52:12.872516 Plugin async_value_nullable_pattern threw while analyzing C:\Users\davi5\OneDrive\Desktop\Cinebox\lib\ui\splash\splash_screen.dart:
[async_value_nullable_pattern] 2025-08-13T15:52:12.872516 Null check operator used on a null value
[async_value_nullable_pattern] 2025-08-13T15:52:12.872516 #0      ErrorVerifier._checkForMixinWithConflictingPrivateMember (package:analyzer/src/generated/error_verifier.dart:4257:52)
[async_value_nullable_pattern] 2025-08-13T15:52:12.872516 #1      ErrorVerifier._checkClassInheritance (package:analyzer/src/generated/error_verifier.dart:1570:7)
[async_value_nullable_pattern] 2025-08-13T15:52:12.872516 #2      ErrorVerifier.visitClassDeclaration (package:analyzer/src/generated/error_verifier.dart:463:26)
[async_value_nullable_pattern] 2025-08-13T15:52:12.872516 #3      ClassDeclarationImpl.accept (package:analyzer/src/dart/ast/ast.dart:2937:50)
[async_value_nullable_pattern] 2025-08-13T15:52:12.872516 #4      NodeListImpl.accept (package:analyzer/src/dart/ast/ast.dart:13245:20)
[async_value_nullable_pattern] 2025-08-13T15:52:12.872516 #5      CompilationUnitImpl.visitChildren (package:analyzer/src/dart/ast/ast.dart:3613:21)
[async_value_nullable_pattern] 2025-08-13T15:52:12.872516 #6      RecursiveAstVisitor.visitCompilationUnit (package:analyzer/dart/ast/visitor.dart:964:10)
[async_value_nullable_pattern] 2025-08-13T15:52:12.872516 #7      ErrorVerifier.visitCompilationUnit (package:analyzer/src/generated/error_verifier.dart:548:11)
[async_value_nullable_pattern] 2025-08-13T15:52:12.872516 #8      CompilationUnitImpl.accept (package:analyzer/src/dart/ast/ast.dart:3606:50)
[async_value_nullable_pattern] 2025-08-13T15:52:12.872516 #9      LibraryAnalyzer._computeVerifyErrors (package:analyzer/src/dart/analysis/library_analyzer.dart:485:10)
[async_value_nullable_pattern] 2025-08-13T15:52:12.872516 #10     LibraryAnalyzer._computeDiagnostics (package:analyzer/src/dart/analysis/library_analyzer.dart:328:7)
[async_value_nullable_pattern] 2025-08-13T15:52:12.872516 #11     LibraryAnalyzer.analyze.<anonymous closure> (package:analyzer/src/dart/analysis/library_analyzer.dart:126:7)
[async_value_nullable_pattern] 2025-08-13T15:52:12.872516 #12     OperationPerformanceImpl.run (package:analyzer/src/util/performance/operation_performance.dart:155:23)
[async_value_nullable_pattern] 2025-08-13T15:52:12.872516 #13     LibraryAnalyzer.analyze (package:analyzer/src/dart/analysis/library_analyzer.dart:125:17)
[async_value_nullable_pattern] 2025-08-13T15:52:12.872516 #14     AnalysisDriver._analyzeFileImpl.<anonymous closure>.<anonymous closure> (package:analyzer/src/dart/analysis/driver.dart:1417:13)
[async_value_nullable_pattern] 2025-08-13T15:52:12.872516 #15     OperationPerformanceImpl.run (package:analyzer/src/util/performance/operation_performance.dart:155:23)
[async_value_nullable_pattern] 2025-08-13T15:52:12.872516 #16     AnalysisDriver._analyzeFileImpl.<anonymous closure> (package:analyzer/src/dart/analysis/driver.dart:1406:35)
[async_value_nullable_pattern] 2025-08-13T15:52:12.872516 #17     PerformanceLog.run (package:analyzer/src/dart/analysis/performance_logger.dart:38:15)
[async_value_nullable_pattern] 2025-08-13T15:52:12.872516 #18     AnalysisDriver._analyzeFileImpl (package:analyzer/src/dart/analysis/driver.dart:1348:20)
[async_value_nullable_pattern] 2025-08-13T15:52:12.872516 #19     AnalysisDriver._analyzeFile.<anonymous closure> (package:analyzer/src/dart/analysis/driver.dart:1325:9)
[async_value_nullable_pattern] 2025-08-13T15:52:12.872516 #20     OperationPerformanceImpl.run (package:analyzer/src/util/performance/operation_performance.dart:155:23)
[async_value_nullable_pattern] 2025-08-13T15:52:12.872516 #21     AnalysisDriver._analyzeFile (package:analyzer/src/dart/analysis/driver.dart:1322:38)
[async_value_nullable_pattern] 2025-08-13T15:52:12.872516 #22     AnalysisDriver.performWork (package:analyzer/src/dart/analysis/driver.dart:1217:7)
[async_value_nullable_pattern] 2025-08-13T15:52:12.872516 #23     AnalysisDriverScheduler._run (package:analyzer/src/dart/analysis/driver.dart:2659:24)
[async_value_nullable_pattern] 2025-08-13T15:52:12.872516 <asynchronous suspension>
[async_value_nullable_pattern] 2025-08-13T15:52:12.872516
[async_value_nullable_pattern] 2025-08-13T15:52:12.874635 Plugin async_value_nullable_pattern threw while analyzing C:\Users\davi5\OneDrive\Desktop\Cinebox\lib\ui\splash\splash_screen.dart:
[async_value_nullable_pattern] 2025-08-13T15:52:12.874635 Null check operator used on a null value
[async_value_nullable_pattern] 2025-08-13T15:52:12.874635 #0      ErrorVerifier._checkForMixinWithConflictingPrivateMember (package:analyzer/src/generated/error_verifier.dart:4257:52)
[async_value_nullable_pattern] 2025-08-13T15:52:12.874635 #1      ErrorVerifier._checkClassInheritance (package:analyzer/src/generated/error_verifier.dart:1570:7)
[async_value_nullable_pattern] 2025-08-13T15:52:12.874635 #2      ErrorVerifier.visitClassDeclaration (package:analyzer/src/generated/error_verifier.dart:463:26)
[async_value_nullable_pattern] 2025-08-13T15:52:12.874635 #3      ClassDeclarationImpl.accept (package:analyzer/src/dart/ast/ast.dart:2937:50)
[async_value_nullable_pattern] 2025-08-13T15:52:12.874635 #4      NodeListImpl.accept (package:analyzer/src/dart/ast/ast.dart:13245:20)
[async_value_nullable_pattern] 2025-08-13T15:52:12.874635 #5      CompilationUnitImpl.visitChildren (package:analyzer/src/dart/ast/ast.dart:3613:21)
[async_value_nullable_pattern] 2025-08-13T15:52:12.874635 #6      RecursiveAstVisitor.visitCompilationUnit (package:analyzer/dart/ast/visitor.dart:964:10)
[async_value_nullable_pattern] 2025-08-13T15:52:12.874635 #7      ErrorVerifier.visitCompilationUnit (package:analyzer/src/generated/error_verifier.dart:548:11)
[async_value_nullable_pattern] 2025-08-13T15:52:12.874635 #8      CompilationUnitImpl.accept (package:analyzer/src/dart/ast/ast.dart:3606:50)
[async_value_nullable_pattern] 2025-08-13T15:52:12.874635 #9      LibraryAnalyzer._computeVerifyErrors (package:analyzer/src/dart/analysis/library_analyzer.dart:485:10)
[async_value_nullable_pattern] 2025-08-13T15:52:12.874635 #10     LibraryAnalyzer._computeDiagnostics (package:analyzer/src/dart/analysis/library_analyzer.dart:328:7)
[async_value_nullable_pattern] 2025-08-13T15:52:12.874635 #11     LibraryAnalyzer.analyze.<anonymous closure> (package:analyzer/src/dart/analysis/library_analyzer.dart:126:7)
[async_value_nullable_pattern] 2025-08-13T15:52:12.874635 #12     OperationPerformanceImpl.run (package:analyzer/src/util/performance/operation_performance.dart:155:23)
[async_value_nullable_pattern] 2025-08-13T15:52:12.874635 #13     LibraryAnalyzer.analyze (package:analyzer/src/dart/analysis/library_analyzer.dart:125:17)
[async_value_nullable_pattern] 2025-08-13T15:52:12.874635 #14     AnalysisDriver._analyzeFileImpl.<anonymous closure>.<anonymous closure> (package:analyzer/src/dart/analysis/driver.dart:1417:13)
[async_value_nullable_pattern] 2025-08-13T15:52:12.874635 #15     OperationPerformanceImpl.run (package:analyzer/src/util/performance/operation_performance.dart:155:23)
[async_value_nullable_pattern] 2025-08-13T15:52:12.874635 #16     AnalysisDriver._analyzeFileImpl.<anonymous closure> (package:analyzer/src/dart/analysis/driver.dart:1406:35)
[async_value_nullable_pattern] 2025-08-13T15:52:12.874635 #17     PerformanceLog.run (package:analyzer/src/dart/analysis/performance_logger.dart:38:15)
[async_value_nullable_pattern] 2025-08-13T15:52:12.874635 #18     AnalysisDriver._analyzeFileImpl (package:analyzer/src/dart/analysis/driver.dart:1348:20)
[async_value_nullable_pattern] 2025-08-13T15:52:12.874635 #19     AnalysisDriver._analyzeFile.<anonymous closure> (package:analyzer/src/dart/analysis/driver.dart:1325:9)
[async_value_nullable_pattern] 2025-08-13T15:52:12.874635 #20     OperationPerformanceImpl.run (package:analyzer/src/util/performance/operation_performance.dart:155:23)
[async_value_nullable_pattern] 2025-08-13T15:52:12.874635 #21     AnalysisDriver._analyzeFile (package:analyzer/src/dart/analysis/driver.dart:1322:38)
[async_value_nullable_pattern] 2025-08-13T15:52:12.874635 #22     AnalysisDriver.performWork (package:analyzer/src/dart/analysis/driver.dart:1217:7)
[async_value_nullable_pattern] 2025-08-13T15:52:12.874635 #23     AnalysisDriverScheduler._run (package:analyzer/src/dart/analysis/driver.dart:2659:24)
[async_value_nullable_pattern] 2025-08-13T15:52:12.874635 <asynchronous suspension>
[async_value_nullable_pattern] 2025-08-13T15:52:12.874635
[async_value_nullable_pattern] 2025-08-13T15:55:14.888497 Plugin async_value_nullable_pattern threw while analyzing C:\Users\davi5\OneDrive\Desktop\Cinebox\lib\ui\splash\splash_screen.dart:
[async_value_nullable_pattern] 2025-08-13T15:55:14.888497 Null check operator used on a null value
[async_value_nullable_pattern] 2025-08-13T15:55:14.888497 #0      ErrorVerifier._checkForMixinWithConflictingPrivateMember (package:analyzer/src/generated/error_verifier.dart:4257:52)
[async_value_nullable_pattern] 2025-08-13T15:55:14.888497 #1      ErrorVerifier._checkClassInheritance (package:analyzer/src/generated/error_verifier.dart:1570:7)
[async_value_nullable_pattern] 2025-08-13T15:55:14.888497 #2      ErrorVerifier.visitClassDeclaration (package:analyzer/src/generated/error_verifier.dart:463:26)
[async_value_nullable_pattern] 2025-08-13T15:55:14.888497 #3      ClassDeclarationImpl.accept (package:analyzer/src/dart/ast/ast.dart:2937:50)
[async_value_nullable_pattern] 2025-08-13T15:55:14.888497 #4      NodeListImpl.accept (package:analyzer/src/dart/ast/ast.dart:13245:20)
[async_value_nullable_pattern] 2025-08-13T15:55:14.888497 #5      CompilationUnitImpl.visitChildren (package:analyzer/src/dart/ast/ast.dart:3613:21)
[async_value_nullable_pattern] 2025-08-13T15:55:14.888497 #6      RecursiveAstVisitor.visitCompilationUnit (package:analyzer/dart/ast/visitor.dart:964:10)
[async_value_nullable_pattern] 2025-08-13T15:55:14.888497 #7      ErrorVerifier.visitCompilationUnit (package:analyzer/src/generated/error_verifier.dart:548:11)
[async_value_nullable_pattern] 2025-08-13T15:55:14.888497 #8      CompilationUnitImpl.accept (package:analyzer/src/dart/ast/ast.dart:3606:50)
[async_value_nullable_pattern] 2025-08-13T15:55:14.888497 #9      LibraryAnalyzer._computeVerifyErrors (package:analyzer/src/dart/analysis/library_analyzer.dart:485:10)
[async_value_nullable_pattern] 2025-08-13T15:55:14.888497 #10     LibraryAnalyzer._computeDiagnostics (package:analyzer/src/dart/analysis/library_analyzer.dart:328:7)
[async_value_nullable_pattern] 2025-08-13T15:55:14.888497 #11     LibraryAnalyzer.analyze.<anonymous closure> (package:analyzer/src/dart/analysis/library_analyzer.dart:126:7)
[async_value_nullable_pattern] 2025-08-13T15:55:14.888497 #12     OperationPerformanceImpl.run (package:analyzer/src/util/performance/operation_performance.dart:155:23)
[async_value_nullable_pattern] 2025-08-13T15:55:14.888497 #13     LibraryAnalyzer.analyze (package:analyzer/src/dart/analysis/library_analyzer.dart:125:17)
[async_value_nullable_pattern] 2025-08-13T15:55:14.888497 #14     AnalysisDriver._analyzeFileImpl.<anonymous closure>.<anonymous closure> (package:analyzer/src/dart/analysis/driver.dart:1417:13)
[async_value_nullable_pattern] 2025-08-13T15:55:14.888497 #15     OperationPerformanceImpl.run (package:analyzer/src/util/performance/operation_performance.dart:155:23)
[async_value_nullable_pattern] 2025-08-13T15:55:14.888497 #16     AnalysisDriver._analyzeFileImpl.<anonymous closure> (package:analyzer/src/dart/analysis/driver.dart:1406:35)
[async_value_nullable_pattern] 2025-08-13T15:55:14.888497 #17     PerformanceLog.run (package:analyzer/src/dart/analysis/performance_logger.dart:38:15)
[async_value_nullable_pattern] 2025-08-13T15:55:14.888497 #18     AnalysisDriver._analyzeFileImpl (package:analyzer/src/dart/analysis/driver.dart:1348:20)
[async_value_nullable_pattern] 2025-08-13T15:55:14.888497 #19     AnalysisDriver._analyzeFile.<anonymous closure> (package:analyzer/src/dart/analysis/driver.dart:1325:9)
[async_value_nullable_pattern] 2025-08-13T15:55:14.888497 #20     OperationPerformanceImpl.run (package:analyzer/src/util/performance/operation_performance.dart:155:23)
[async_value_nullable_pattern] 2025-08-13T15:55:14.888497 #21     AnalysisDriver._analyzeFile (package:analyzer/src/dart/analysis/driver.dart:1322:38)
[async_value_nullable_pattern] 2025-08-13T15:55:14.888497 #22     AnalysisDriver.performWork (package:analyzer/src/dart/analysis/driver.dart:1217:7)
[async_value_nullable_pattern] 2025-08-13T15:55:14.888497 #23     AnalysisDriverScheduler._run (package:analyzer/src/dart/analysis/driver.dart:2659:24)
[async_value_nullable_pattern] 2025-08-13T15:55:14.888497 <asynchronous suspension>
[async_value_nullable_pattern] 2025-08-13T15:55:14.888497
[async_value_nullable_pattern] 2025-08-13T15:55:14.890526 Plugin async_value_nullable_pattern threw while analyzing C:\Users\davi5\OneDrive\Desktop\Cinebox\lib\ui\splash\splash_screen.dart:
[async_value_nullable_pattern] 2025-08-13T15:55:14.890526 Null check operator used on a null value
[async_value_nullable_pattern] 2025-08-13T15:55:14.890526 #0      ErrorVerifier._checkForMixinWithConflictingPrivateMember (package:analyzer/src/generated/error_verifier.dart:4257:52)
[async_value_nullable_pattern] 2025-08-13T15:55:14.890526 #1      ErrorVerifier._checkClassInheritance (package:analyzer/src/generated/error_verifier.dart:1570:7)
[async_value_nullable_pattern] 2025-08-13T15:55:14.890526 #2      ErrorVerifier.visitClassDeclaration (package:analyzer/src/generated/error_verifier.dart:463:26)
[async_value_nullable_pattern] 2025-08-13T15:55:14.890526 #3      ClassDeclarationImpl.accept (package:analyzer/src/dart/ast/ast.dart:2937:50)
[async_value_nullable_pattern] 2025-08-13T15:55:14.890526 #4      NodeListImpl.accept (package:analyzer/src/dart/ast/ast.dart:13245:20)
[async_value_nullable_pattern] 2025-08-13T15:55:14.890526 #5      CompilationUnitImpl.visitChildren (package:analyzer/src/dart/ast/ast.dart:3613:21)
[async_value_nullable_pattern] 2025-08-13T15:55:14.890526 #6      RecursiveAstVisitor.visitCompilationUnit (package:analyzer/dart/ast/visitor.dart:964:10)
[async_value_nullable_pattern] 2025-08-13T15:55:14.890526 #7      ErrorVerifier.visitCompilationUnit (package:analyzer/src/generated/error_verifier.dart:548:11)
[async_value_nullable_pattern] 2025-08-13T15:55:14.890526 #8      CompilationUnitImpl.accept (package:analyzer/src/dart/ast/ast.dart:3606:50)
[async_value_nullable_pattern] 2025-08-13T15:55:14.890526 #9      LibraryAnalyzer._computeVerifyErrors (package:analyzer/src/dart/analysis/library_analyzer.dart:485:10)
[async_value_nullable_pattern] 2025-08-13T15:55:14.890526 #10     LibraryAnalyzer._computeDiagnostics (package:analyzer/src/dart/analysis/library_analyzer.dart:328:7)
[async_value_nullable_pattern] 2025-08-13T15:55:14.890526 #11     LibraryAnalyzer.analyze.<anonymous closure> (package:analyzer/src/dart/analysis/library_analyzer.dart:126:7)
[async_value_nullable_pattern] 2025-08-13T15:55:14.890526 #12     OperationPerformanceImpl.run (package:analyzer/src/util/performance/operation_performance.dart:155:23)
[async_value_nullable_pattern] 2025-08-13T15:55:14.890526 #13     LibraryAnalyzer.analyze (package:analyzer/src/dart/analysis/library_analyzer.dart:125:17)
[async_value_nullable_pattern] 2025-08-13T15:55:14.890526 #14     AnalysisDriver._analyzeFileImpl.<anonymous closure>.<anonymous closure> (package:analyzer/src/dart/analysis/driver.dart:1417:13)
[async_value_nullable_pattern] 2025-08-13T15:55:14.890526 #15     OperationPerformanceImpl.run (package:analyzer/src/util/performance/operation_performance.dart:155:23)
[async_value_nullable_pattern] 2025-08-13T15:55:14.890526 #16     AnalysisDriver._analyzeFileImpl.<anonymous closure> (package:analyzer/src/dart/analysis/driver.dart:1406:35)
[async_value_nullable_pattern] 2025-08-13T15:55:14.890526 #17     PerformanceLog.run (package:analyzer/src/dart/analysis/performance_logger.dart:38:15)
[async_value_nullable_pattern] 2025-08-13T15:55:14.890526 #18     AnalysisDriver._analyzeFileImpl (package:analyzer/src/dart/analysis/driver.dart:1348:20)
[async_value_nullable_pattern] 2025-08-13T15:55:14.890526 #19     AnalysisDriver._analyzeFile.<anonymous closure> (package:analyzer/src/dart/analysis/driver.dart:1325:9)
[async_value_nullable_pattern] 2025-08-13T15:55:14.890526 #20     OperationPerformanceImpl.run (package:analyzer/src/util/performance/operation_performance.dart:155:23)
[async_value_nullable_pattern] 2025-08-13T15:55:14.890526 #21     AnalysisDriver._analyzeFile (package:analyzer/src/dart/analysis/driver.dart:1322:38)
[async_value_nullable_pattern] 2025-08-13T15:55:14.890526 #22     AnalysisDriver.performWork (package:analyzer/src/dart/analysis/driver.dart:1217:7)
[async_value_nullable_pattern] 2025-08-13T15:55:14.890526 #23     AnalysisDriverScheduler._run (package:analyzer/src/dart/analysis/driver.dart:2659:24)
[async_value_nullable_pattern] 2025-08-13T15:55:14.890526 <asynchronous suspension>
[async_value_nullable_pattern] 2025-08-13T15:55:14.890526
[async_value_nullable_pattern] 2025-08-13T15:55:15.743809 Plugin async_value_nullable_pattern threw while analyzing C:\Users\davi5\OneDrive\Desktop\Cinebox\lib\ui\splash\splash_screen.dart:
[async_value_nullable_pattern] 2025-08-13T15:55:15.743809 Null check operator used on a null value
[async_value_nullable_pattern] 2025-08-13T15:55:15.743809 #0      ErrorVerifier._checkForMixinWithConflictingPrivateMember (package:analyzer/src/generated/error_verifier.dart:4257:52)
[async_value_nullable_pattern] 2025-08-13T15:55:15.743809 #1      ErrorVerifier._checkClassInheritance (package:analyzer/src/generated/error_verifier.dart:1570:7)
[async_value_nullable_pattern] 2025-08-13T15:55:15.743809 #2      ErrorVerifier.visitClassDeclaration (package:analyzer/src/generated/error_verifier.dart:463:26)
[async_value_nullable_pattern] 2025-08-13T15:55:15.743809 #3      ClassDeclarationImpl.accept (package:analyzer/src/dart/ast/ast.dart:2937:50)
[async_value_nullable_pattern] 2025-08-13T15:55:15.743809 #4      NodeListImpl.accept (package:analyzer/src/dart/ast/ast.dart:13245:20)
[async_value_nullable_pattern] 2025-08-13T15:55:15.743809 #5      CompilationUnitImpl.visitChildren (package:analyzer/src/dart/ast/ast.dart:3613:21)
[async_value_nullable_pattern] 2025-08-13T15:55:15.743809 #6      RecursiveAstVisitor.visitCompilationUnit (package:analyzer/dart/ast/visitor.dart:964:10)
[async_value_nullable_pattern] 2025-08-13T15:55:15.743809 #7      ErrorVerifier.visitCompilationUnit (package:analyzer/src/generated/error_verifier.dart:548:11)
[async_value_nullable_pattern] 2025-08-13T15:55:15.743809 #8      CompilationUnitImpl.accept (package:analyzer/src/dart/ast/ast.dart:3606:50)
[async_value_nullable_pattern] 2025-08-13T15:55:15.743809 #9      LibraryAnalyzer._computeVerifyErrors (package:analyzer/src/dart/analysis/library_analyzer.dart:485:10)
[async_value_nullable_pattern] 2025-08-13T15:55:15.743809 #10     LibraryAnalyzer._computeDiagnostics (package:analyzer/src/dart/analysis/library_analyzer.dart:328:7)
[async_value_nullable_pattern] 2025-08-13T15:55:15.743809 #11     LibraryAnalyzer.analyze.<anonymous closure> (package:analyzer/src/dart/analysis/library_analyzer.dart:126:7)
[async_value_nullable_pattern] 2025-08-13T15:55:15.743809 #12     OperationPerformanceImpl.run (package:analyzer/src/util/performance/operation_performance.dart:155:23)
[async_value_nullable_pattern] 2025-08-13T15:55:15.743809 #13     LibraryAnalyzer.analyze (package:analyzer/src/dart/analysis/library_analyzer.dart:125:17)
[async_value_nullable_pattern] 2025-08-13T15:55:15.743809 #14     AnalysisDriver._analyzeFileImpl.<anonymous closure>.<anonymous closure> (package:analyzer/src/dart/analysis/driver.dart:1417:13)
[async_value_nullable_pattern] 2025-08-13T15:55:15.743809 #15     OperationPerformanceImpl.run (package:analyzer/src/util/performance/operation_performance.dart:155:23)
[async_value_nullable_pattern] 2025-08-13T15:55:15.743809 #16     AnalysisDriver._analyzeFileImpl.<anonymous closure> (package:analyzer/src/dart/analysis/driver.dart:1406:35)
[async_value_nullable_pattern] 2025-08-13T15:55:15.743809 #17     PerformanceLog.run (package:analyzer/src/dart/analysis/performance_logger.dart:38:15)
[async_value_nullable_pattern] 2025-08-13T15:55:15.743809 #18     AnalysisDriver._analyzeFileImpl (package:analyzer/src/dart/analysis/driver.dart:1348:20)
[async_value_nullable_pattern] 2025-08-13T15:55:15.743809 #19     AnalysisDriver._analyzeFile.<anonymous closure> (package:analyzer/src/dart/analysis/driver.dart:1325:9)
[async_value_nullable_pattern] 2025-08-13T15:55:15.743809 #20     OperationPerformanceImpl.run (package:analyzer/src/util/performance/operation_performance.dart:155:23)
[async_value_nullable_pattern] 2025-08-13T15:55:15.743809 #21     AnalysisDriver._analyzeFile (package:analyzer/src/dart/analysis/driver.dart:1322:38)
[async_value_nullable_pattern] 2025-08-13T15:55:15.743809 #22     AnalysisDriver.performWork (package:analyzer/src/dart/analysis/driver.dart:1217:7)
[async_value_nullable_pattern] 2025-08-13T15:55:15.743809 #23     AnalysisDriverScheduler._run (package:analyzer/src/dart/analysis/driver.dart:2659:24)
[async_value_nullable_pattern] 2025-08-13T15:55:15.743809 <asynchronous suspension>
[async_value_nullable_pattern] 2025-08-13T15:55:15.743809
[async_value_nullable_pattern] 2025-08-13T15:55:15.744810 Plugin async_value_nullable_pattern threw while analyzing C:\Users\davi5\OneDrive\Desktop\Cinebox\lib\ui\splash\splash_screen.dart:
[async_value_nullable_pattern] 2025-08-13T15:55:15.744810 Null check operator used on a null value
[async_value_nullable_pattern] 2025-08-13T15:55:15.744810 #0      ErrorVerifier._checkForMixinWithConflictingPrivateMember (package:analyzer/src/generated/error_verifier.dart:4257:52)
[async_value_nullable_pattern] 2025-08-13T15:55:15.744810 #1      ErrorVerifier._checkClassInheritance (package:analyzer/src/generated/error_verifier.dart:1570:7)
[async_value_nullable_pattern] 2025-08-13T15:55:15.744810 #2      ErrorVerifier.visitClassDeclaration (package:analyzer/src/generated/error_verifier.dart:463:26)
[async_value_nullable_pattern] 2025-08-13T15:55:15.744810 #3      ClassDeclarationImpl.accept (package:analyzer/src/dart/ast/ast.dart:2937:50)
[async_value_nullable_pattern] 2025-08-13T15:55:15.744810 #4      NodeListImpl.accept (package:analyzer/src/dart/ast/ast.dart:13245:20)
[async_value_nullable_pattern] 2025-08-13T15:55:15.744810 #5      CompilationUnitImpl.visitChildren (package:analyzer/src/dart/ast/ast.dart:3613:21)
[async_value_nullable_pattern] 2025-08-13T15:55:15.744810 #6      RecursiveAstVisitor.visitCompilationUnit (package:analyzer/dart/ast/visitor.dart:964:10)
[async_value_nullable_pattern] 2025-08-13T15:55:15.744810 #7      ErrorVerifier.visitCompilationUnit (package:analyzer/src/generated/error_verifier.dart:548:11)
[async_value_nullable_pattern] 2025-08-13T15:55:15.744810 #8      CompilationUnitImpl.accept (package:analyzer/src/dart/ast/ast.dart:3606:50)
[async_value_nullable_pattern] 2025-08-13T15:55:15.744810 #9      LibraryAnalyzer._computeVerifyErrors (package:analyzer/src/dart/analysis/library_analyzer.dart:485:10)
[async_value_nullable_pattern] 2025-08-13T15:55:15.744810 #10     LibraryAnalyzer._computeDiagnostics (package:analyzer/src/dart/analysis/library_analyzer.dart:328:7)
[async_value_nullable_pattern] 2025-08-13T15:55:15.744810 #11     LibraryAnalyzer.analyze.<anonymous closure> (package:analyzer/src/dart/analysis/library_analyzer.dart:126:7)
[async_value_nullable_pattern] 2025-08-13T15:55:15.744810 #12     OperationPerformanceImpl.run (package:analyzer/src/util/performance/operation_performance.dart:155:23)
[async_value_nullable_pattern] 2025-08-13T15:55:15.744810 #13     LibraryAnalyzer.analyze (package:analyzer/src/dart/analysis/library_analyzer.dart:125:17)
[async_value_nullable_pattern] 2025-08-13T15:55:15.744810 #14     AnalysisDriver._analyzeFileImpl.<anonymous closure>.<anonymous closure> (package:analyzer/src/dart/analysis/driver.dart:1417:13)
[async_value_nullable_pattern] 2025-08-13T15:55:15.744810 #15     OperationPerformanceImpl.run (package:analyzer/src/util/performance/operation_performance.dart:155:23)
[async_value_nullable_pattern] 2025-08-13T15:55:15.744810 #16     AnalysisDriver._analyzeFileImpl.<anonymous closure> (package:analyzer/src/dart/analysis/driver.dart:1406:35)
[async_value_nullable_pattern] 2025-08-13T15:55:15.744810 #17     PerformanceLog.run (package:analyzer/src/dart/analysis/performance_logger.dart:38:15)
[async_value_nullable_pattern] 2025-08-13T15:55:15.744810 #18     AnalysisDriver._analyzeFileImpl (package:analyzer/src/dart/analysis/driver.dart:1348:20)
[async_value_nullable_pattern] 2025-08-13T15:55:15.744810 #19     AnalysisDriver._analyzeFile.<anonymous closure> (package:analyzer/src/dart/analysis/driver.dart:1325:9)
[async_value_nullable_pattern] 2025-08-13T15:55:15.744810 #20     OperationPerformanceImpl.run (package:analyzer/src/util/performance/operation_performance.dart:155:23)
[async_value_nullable_pattern] 2025-08-13T15:55:15.744810 #21     AnalysisDriver._analyzeFile (package:analyzer/src/dart/analysis/driver.dart:1322:38)
[async_value_nullable_pattern] 2025-08-13T15:55:15.744810 #22     AnalysisDriver.performWork (package:analyzer/src/dart/analysis/driver.dart:1217:7)
[async_value_nullable_pattern] 2025-08-13T15:55:15.744810 #23     AnalysisDriverScheduler._run (package:analyzer/src/dart/analysis/driver.dart:2659:24)
[async_value_nullable_pattern] 2025-08-13T15:55:15.744810 <asynchronous suspension>
[async_value_nullable_pattern] 2025-08-13T15:55:15.744810
[async_value_nullable_pattern] 2025-08-13T15:55:16.310718 Plugin async_value_nullable_pattern threw while analyzing C:\Users\davi5\OneDrive\Desktop\Cinebox\lib\ui\splash\splash_screen.dart:
[async_value_nullable_pattern] 2025-08-13T15:55:16.310718 Null check operator used on a null value
[async_value_nullable_pattern] 2025-08-13T15:55:16.310718 #0      ErrorVerifier._checkForMixinWithConflictingPrivateMember (package:analyzer/src/generated/error_verifier.dart:4257:52)
[async_value_nullable_pattern] 2025-08-13T15:55:16.310718 #1      ErrorVerifier._checkClassInheritance (package:analyzer/src/generated/error_verifier.dart:1570:7)
[async_value_nullable_pattern] 2025-08-13T15:55:16.310718 #2      ErrorVerifier.visitClassDeclaration (package:analyzer/src/generated/error_verifier.dart:463:26)
[async_value_nullable_pattern] 2025-08-13T15:55:16.310718 #3      ClassDeclarationImpl.accept (package:analyzer/src/dart/ast/ast.dart:2937:50)
[async_value_nullable_pattern] 2025-08-13T15:55:16.310718 #4      NodeListImpl.accept (package:analyzer/src/dart/ast/ast.dart:13245:20)
[async_value_nullable_pattern] 2025-08-13T15:55:16.310718 #5      CompilationUnitImpl.visitChildren (package:analyzer/src/dart/ast/ast.dart:3613:21)
[async_value_nullable_pattern] 2025-08-13T15:55:16.310718 #6      RecursiveAstVisitor.visitCompilationUnit (package:analyzer/dart/ast/visitor.dart:964:10)
[async_value_nullable_pattern] 2025-08-13T15:55:16.310718 #7      ErrorVerifier.visitCompilationUnit (package:analyzer/src/generated/error_verifier.dart:548:11)
[async_value_nullable_pattern] 2025-08-13T15:55:16.310718 #8      CompilationUnitImpl.accept (package:analyzer/src/dart/ast/ast.dart:3606:50)
[async_value_nullable_pattern] 2025-08-13T15:55:16.310718 #9      LibraryAnalyzer._computeVerifyErrors (package:analyzer/src/dart/analysis/library_analyzer.dart:485:10)
[async_value_nullable_pattern] 2025-08-13T15:55:16.310718 #10     LibraryAnalyzer._computeDiagnostics (package:analyzer/src/dart/analysis/library_analyzer.dart:328:7)
[async_value_nullable_pattern] 2025-08-13T15:55:16.310718 #11     LibraryAnalyzer.analyze.<anonymous closure> (package:analyzer/src/dart/analysis/library_analyzer.dart:126:7)
[async_value_nullable_pattern] 2025-08-13T15:55:16.310718 #12     OperationPerformanceImpl.run (package:analyzer/src/util/performance/operation_performance.dart:155:23)
[async_value_nullable_pattern] 2025-08-13T15:55:16.310718 #13     LibraryAnalyzer.analyze (package:analyzer/src/dart/analysis/library_analyzer.dart:125:17)
[async_value_nullable_pattern] 2025-08-13T15:55:16.310718 #14     AnalysisDriver._analyzeFileImpl.<anonymous closure>.<anonymous closure> (package:analyzer/src/dart/analysis/driver.dart:1417:13)
[async_value_nullable_pattern] 2025-08-13T15:55:16.310718 #15     OperationPerformanceImpl.run (package:analyzer/src/util/performance/operation_performance.dart:155:23)
[async_value_nullable_pattern] 2025-08-13T15:55:16.310718 #16     AnalysisDriver._analyzeFileImpl.<anonymous closure> (package:analyzer/src/dart/analysis/driver.dart:1406:35)
[async_value_nullable_pattern] 2025-08-13T15:55:16.310718 #17     PerformanceLog.run (package:analyzer/src/dart/analysis/performance_logger.dart:38:15)
[async_value_nullable_pattern] 2025-08-13T15:55:16.310718 #18     AnalysisDriver._analyzeFileImpl (package:analyzer/src/dart/analysis/driver.dart:1348:20)
[async_value_nullable_pattern] 2025-08-13T15:55:16.310718 #19     AnalysisDriver._analyzeFile.<anonymous closure> (package:analyzer/src/dart/analysis/driver.dart:1325:9)
[async_value_nullable_pattern] 2025-08-13T15:55:16.310718 #20     OperationPerformanceImpl.run (package:analyzer/src/util/performance/operation_performance.dart:155:23)
[async_value_nullable_pattern] 2025-08-13T15:55:16.310718 #21     AnalysisDriver._analyzeFile (package:analyzer/src/dart/analysis/driver.dart:1322:38)
[async_value_nullable_pattern] 2025-08-13T15:55:16.310718 #22     AnalysisDriver.performWork (package:analyzer/src/dart/analysis/driver.dart:1217:7)
[async_value_nullable_pattern] 2025-08-13T15:55:16.310718 #23     AnalysisDriverScheduler._run (package:analyzer/src/dart/analysis/driver.dart:2659:24)
[async_value_nullable_pattern] 2025-08-13T15:55:16.310718 <asynchronous suspension>
[async_value_nullable_pattern] 2025-08-13T15:55:16.310718
[async_value_nullable_pattern] 2025-08-13T15:55:16.312261 Plugin async_value_nullable_pattern threw while analyzing C:\Users\davi5\OneDrive\Desktop\Cinebox\lib\ui\splash\splash_screen.dart:
[async_value_nullable_pattern] 2025-08-13T15:55:16.312261 Null check operator used on a null value
[async_value_nullable_pattern] 2025-08-13T15:55:16.312261 #0      ErrorVerifier._checkForMixinWithConflictingPrivateMember (package:analyzer/src/generated/error_verifier.dart:4257:52)
[async_value_nullable_pattern] 2025-08-13T15:55:16.312261 #1      ErrorVerifier._checkClassInheritance (package:analyzer/src/generated/error_verifier.dart:1570:7)
[async_value_nullable_pattern] 2025-08-13T15:55:16.312261 #2      ErrorVerifier.visitClassDeclaration (package:analyzer/src/generated/error_verifier.dart:463:26)
[async_value_nullable_pattern] 2025-08-13T15:55:16.312261 #3      ClassDeclarationImpl.accept (package:analyzer/src/dart/ast/ast.dart:2937:50)
[async_value_nullable_pattern] 2025-08-13T15:55:16.312261 #4      NodeListImpl.accept (package:analyzer/src/dart/ast/ast.dart:13245:20)
[async_value_nullable_pattern] 2025-08-13T15:55:16.312261 #5      CompilationUnitImpl.visitChildren (package:analyzer/src/dart/ast/ast.dart:3613:21)
[async_value_nullable_pattern] 2025-08-13T15:55:16.312261 #6      RecursiveAstVisitor.visitCompilationUnit (package:analyzer/dart/ast/visitor.dart:964:10)
[async_value_nullable_pattern] 2025-08-13T15:55:16.312261 #7      ErrorVerifier.visitCompilationUnit (package:analyzer/src/generated/error_verifier.dart:548:11)
[async_value_nullable_pattern] 2025-08-13T15:55:16.312261 #8      CompilationUnitImpl.accept (package:analyzer/src/dart/ast/ast.dart:3606:50)
[async_value_nullable_pattern] 2025-08-13T15:55:16.312261 #9      LibraryAnalyzer._computeVerifyErrors (package:analyzer/src/dart/analysis/library_analyzer.dart:485:10)
[async_value_nullable_pattern] 2025-08-13T15:55:16.312261 #10     LibraryAnalyzer._computeDiagnostics (package:analyzer/src/dart/analysis/library_analyzer.dart:328:7)
[async_value_nullable_pattern] 2025-08-13T15:55:16.312261 #11     LibraryAnalyzer.analyze.<anonymous closure> (package:analyzer/src/dart/analysis/library_analyzer.dart:126:7)
[async_value_nullable_pattern] 2025-08-13T15:55:16.312261 #12     OperationPerformanceImpl.run (package:analyzer/src/util/performance/operation_performance.dart:155:23)
[async_value_nullable_pattern] 2025-08-13T15:55:16.312261 #13     LibraryAnalyzer.analyze (package:analyzer/src/dart/analysis/library_analyzer.dart:125:17)
[async_value_nullable_pattern] 2025-08-13T15:55:16.312261 #14     AnalysisDriver._analyzeFileImpl.<anonymous closure>.<anonymous closure> (package:analyzer/src/dart/analysis/driver.dart:1417:13)
[async_value_nullable_pattern] 2025-08-13T15:55:16.312261 #15     OperationPerformanceImpl.run (package:analyzer/src/util/performance/operation_performance.dart:155:23)
[async_value_nullable_pattern] 2025-08-13T15:55:16.312261 #16     AnalysisDriver._analyzeFileImpl.<anonymous closure> (package:analyzer/src/dart/analysis/driver.dart:1406:35)
[async_value_nullable_pattern] 2025-08-13T15:55:16.312261 #17     PerformanceLog.run (package:analyzer/src/dart/analysis/performance_logger.dart:38:15)
[async_value_nullable_pattern] 2025-08-13T15:55:16.312261 #18     AnalysisDriver._analyzeFileImpl (package:analyzer/src/dart/analysis/driver.dart:1348:20)
[async_value_nullable_pattern] 2025-08-13T15:55:16.312261 #19     AnalysisDriver._analyzeFile.<anonymous closure> (package:analyzer/src/dart/analysis/driver.dart:1325:9)
[async_value_nullable_pattern] 2025-08-13T15:55:16.312261 #20     OperationPerformanceImpl.run (package:analyzer/src/util/performance/operation_performance.dart:155:23)
[async_value_nullable_pattern] 2025-08-13T15:55:16.312261 #21     AnalysisDriver._analyzeFile (package:analyzer/src/dart/analysis/driver.dart:1322:38)
[async_value_nullable_pattern] 2025-08-13T15:55:16.312261 #22     AnalysisDriver.performWork (package:analyzer/src/dart/analysis/driver.dart:1217:7)
[async_value_nullable_pattern] 2025-08-13T15:55:16.312261 #23     AnalysisDriverScheduler._run (package:analyzer/src/dart/analysis/driver.dart:2659:24)
[async_value_nullable_pattern] 2025-08-13T15:55:16.312261 <asynchronous suspension>
[async_value_nullable_pattern] 2025-08-13T15:55:16.312261
[async_value_nullable_pattern] 2025-08-13T15:57:48.503059 Plugin async_value_nullable_pattern threw while analyzing C:\Users\davi5\OneDrive\Desktop\Cinebox\lib\ui\splash\splash_screen.dart:
[async_value_nullable_pattern] 2025-08-13T15:57:48.503059 Null check operator used on a null value
[async_value_nullable_pattern] 2025-08-13T15:57:48.503059 #0      ErrorVerifier._checkForMixinWithConflictingPrivateMember (package:analyzer/src/generated/error_verifier.dart:4257:52)
[async_value_nullable_pattern] 2025-08-13T15:57:48.503059 #1      ErrorVerifier._checkClassInheritance (package:analyzer/src/generated/error_verifier.dart:1570:7)
[async_value_nullable_pattern] 2025-08-13T15:57:48.503059 #2      ErrorVerifier.visitClassDeclaration (package:analyzer/src/generated/error_verifier.dart:463:26)
[async_value_nullable_pattern] 2025-08-13T15:57:48.503059 #3      ClassDeclarationImpl.accept (package:analyzer/src/dart/ast/ast.dart:2937:50)
[async_value_nullable_pattern] 2025-08-13T15:57:48.503059 #4      NodeListImpl.accept (package:analyzer/src/dart/ast/ast.dart:13245:20)
[async_value_nullable_pattern] 2025-08-13T15:57:48.503059 #5      CompilationUnitImpl.visitChildren (package:analyzer/src/dart/ast/ast.dart:3613:21)
[async_value_nullable_pattern] 2025-08-13T15:57:48.503059 #6      RecursiveAstVisitor.visitCompilationUnit (package:analyzer/dart/ast/visitor.dart:964:10)
[async_value_nullable_pattern] 2025-08-13T15:57:48.503059 #7      ErrorVerifier.visitCompilationUnit (package:analyzer/src/generated/error_verifier.dart:548:11)
[async_value_nullable_pattern] 2025-08-13T15:57:48.503059 #8      CompilationUnitImpl.accept (package:analyzer/src/dart/ast/ast.dart:3606:50)
[async_value_nullable_pattern] 2025-08-13T15:57:48.503059 #9      LibraryAnalyzer._computeVerifyErrors (package:analyzer/src/dart/analysis/library_analyzer.dart:485:10)
[async_value_nullable_pattern] 2025-08-13T15:57:48.503059 #10     LibraryAnalyzer._computeDiagnostics (package:analyzer/src/dart/analysis/library_analyzer.dart:328:7)
[async_value_nullable_pattern] 2025-08-13T15:57:48.503059 #11     LibraryAnalyzer.analyze.<anonymous closure> (package:analyzer/src/dart/analysis/library_analyzer.dart:126:7)
[async_value_nullable_pattern] 2025-08-13T15:57:48.503059 #12     OperationPerformanceImpl.run (package:analyzer/src/util/performance/operation_performance.dart:155:23)
[async_value_nullable_pattern] 2025-08-13T15:57:48.503059 #13     LibraryAnalyzer.analyze (package:analyzer/src/dart/analysis/library_analyzer.dart:125:17)
[async_value_nullable_pattern] 2025-08-13T15:57:48.503059 #14     AnalysisDriver._analyzeFileImpl.<anonymous closure>.<anonymous closure> (package:analyzer/src/dart/analysis/driver.dart:1417:13)
[async_value_nullable_pattern] 2025-08-13T15:57:48.503059 #15     OperationPerformanceImpl.run (package:analyzer/src/util/performance/operation_performance.dart:155:23)
[async_value_nullable_pattern] 2025-08-13T15:57:48.503059 #16     AnalysisDriver._analyzeFileImpl.<anonymous closure> (package:analyzer/src/dart/analysis/driver.dart:1406:35)
[async_value_nullable_pattern] 2025-08-13T15:57:48.503059 #17     PerformanceLog.run (package:analyzer/src/dart/analysis/performance_logger.dart:38:15)
[async_value_nullable_pattern] 2025-08-13T15:57:48.503059 #18     AnalysisDriver._analyzeFileImpl (package:analyzer/src/dart/analysis/driver.dart:1348:20)
[async_value_nullable_pattern] 2025-08-13T15:57:48.503059 #19     AnalysisDriver._analyzeFile.<anonymous closure> (package:analyzer/src/dart/analysis/driver.dart:1325:9)
[async_value_nullable_pattern] 2025-08-13T15:57:48.503059 #20     OperationPerformanceImpl.run (package:analyzer/src/util/performance/operation_performance.dart:155:23)
[async_value_nullable_pattern] 2025-08-13T15:57:48.503059 #21     AnalysisDriver._analyzeFile (package:analyzer/src/dart/analysis/driver.dart:1322:38)
[async_value_nullable_pattern] 2025-08-13T15:57:48.503059 #22     AnalysisDriver.performWork (package:analyzer/src/dart/analysis/driver.dart:1217:7)
[async_value_nullable_pattern] 2025-08-13T15:57:48.503059 #23     AnalysisDriverScheduler._run (package:analyzer/src/dart/analysis/driver.dart:2659:24)
[async_value_nullable_pattern] 2025-08-13T15:57:48.503059 <asynchronous suspension>
[async_value_nullable_pattern] 2025-08-13T15:57:48.503059
[async_value_nullable_pattern] 2025-08-13T15:57:48.504057 Plugin async_value_nullable_pattern threw while analyzing C:\Users\davi5\OneDrive\Desktop\Cinebox\lib\ui\splash\splash_screen.dart:
[async_value_nullable_pattern] 2025-08-13T15:57:48.504057 Null check operator used on a null value
[async_value_nullable_pattern] 2025-08-13T15:57:48.504057 #0      ErrorVerifier._checkForMixinWithConflictingPrivateMember (package:analyzer/src/generated/error_verifier.dart:4257:52)
[async_value_nullable_pattern] 2025-08-13T15:57:48.504057 #1      ErrorVerifier._checkClassInheritance (package:analyzer/src/generated/error_verifier.dart:1570:7)
[async_value_nullable_pattern] 2025-08-13T15:57:48.504057 #2      ErrorVerifier.visitClassDeclaration (package:analyzer/src/generated/error_verifier.dart:463:26)
[async_value_nullable_pattern] 2025-08-13T15:57:48.504057 #3      ClassDeclarationImpl.accept (package:analyzer/src/dart/ast/ast.dart:2937:50)
[async_value_nullable_pattern] 2025-08-13T15:57:48.504057 #4      NodeListImpl.accept (package:analyzer/src/dart/ast/ast.dart:13245:20)
[async_value_nullable_pattern] 2025-08-13T15:57:48.504057 #5      CompilationUnitImpl.visitChildren (package:analyzer/src/dart/ast/ast.dart:3613:21)
[async_value_nullable_pattern] 2025-08-13T15:57:48.504057 #6      RecursiveAstVisitor.visitCompilationUnit (package:analyzer/dart/ast/visitor.dart:964:10)
[async_value_nullable_pattern] 2025-08-13T15:57:48.504057 #7      ErrorVerifier.visitCompilationUnit (package:analyzer/src/generated/error_verifier.dart:548:11)
[async_value_nullable_pattern] 2025-08-13T15:57:48.504057 #8      CompilationUnitImpl.accept (package:analyzer/src/dart/ast/ast.dart:3606:50)
[async_value_nullable_pattern] 2025-08-13T15:57:48.504057 #9      LibraryAnalyzer._computeVerifyErrors (package:analyzer/src/dart/analysis/library_analyzer.dart:485:10)
[async_value_nullable_pattern] 2025-08-13T15:57:48.504057 #10     LibraryAnalyzer._computeDiagnostics (package:analyzer/src/dart/analysis/library_analyzer.dart:328:7)
[async_value_nullable_pattern] 2025-08-13T15:57:48.504057 #11     LibraryAnalyzer.analyze.<anonymous closure> (package:analyzer/src/dart/analysis/library_analyzer.dart:126:7)
[async_value_nullable_pattern] 2025-08-13T15:57:48.504057 #12     OperationPerformanceImpl.run (package:analyzer/src/util/performance/operation_performance.dart:155:23)
[async_value_nullable_pattern] 2025-08-13T15:57:48.504057 #13     LibraryAnalyzer.analyze (package:analyzer/src/dart/analysis/library_analyzer.dart:125:17)
[async_value_nullable_pattern] 2025-08-13T15:57:48.504057 #14     AnalysisDriver._analyzeFileImpl.<anonymous closure>.<anonymous closure> (package:analyzer/src/dart/analysis/driver.dart:1417:13)
[async_value_nullable_pattern] 2025-08-13T15:57:48.504057 #15     OperationPerformanceImpl.run (package:analyzer/src/util/performance/operation_performance.dart:155:23)
[async_value_nullable_pattern] 2025-08-13T15:57:48.504057 #16     AnalysisDriver._analyzeFileImpl.<anonymous closure> (package:analyzer/src/dart/analysis/driver.dart:1406:35)
[async_value_nullable_pattern] 2025-08-13T15:57:48.504057 #17     PerformanceLog.run (package:analyzer/src/dart/analysis/performance_logger.dart:38:15)
[async_value_nullable_pattern] 2025-08-13T15:57:48.504057 #18     AnalysisDriver._analyzeFileImpl (package:analyzer/src/dart/analysis/driver.dart:1348:20)
[async_value_nullable_pattern] 2025-08-13T15:57:48.504057 #19     AnalysisDriver._analyzeFile.<anonymous closure> (package:analyzer/src/dart/analysis/driver.dart:1325:9)
[async_value_nullable_pattern] 2025-08-13T15:57:48.504057 #20     OperationPerformanceImpl.run (package:analyzer/src/util/performance/operation_performance.dart:155:23)
[async_value_nullable_pattern] 2025-08-13T15:57:48.504057 #21     AnalysisDriver._analyzeFile (package:analyzer/src/dart/analysis/driver.dart:1322:38)
[async_value_nullable_pattern] 2025-08-13T15:57:48.504057 #22     AnalysisDriver.performWork (package:analyzer/src/dart/analysis/driver.dart:1217:7)
[async_value_nullable_pattern] 2025-08-13T15:57:48.504057 #23     AnalysisDriverScheduler._run (package:analyzer/src/dart/analysis/driver.dart:2659:24)
[async_value_nullable_pattern] 2025-08-13T15:57:48.504057 <asynchronous suspension>
[async_value_nullable_pattern] 2025-08-13T15:57:48.504057
[async_value_nullable_pattern] 2025-08-13T15:57:49.000926 Plugin async_value_nullable_pattern threw while analyzing C:\Users\davi5\OneDrive\Desktop\Cinebox\lib\ui\splash\splash_screen.dart:
[async_value_nullable_pattern] 2025-08-13T15:57:49.000926 Null check operator used on a null value
[async_value_nullable_pattern] 2025-08-13T15:57:49.000926 #0      ErrorVerifier._checkForMixinWithConflictingPrivateMember (package:analyzer/src/generated/error_verifier.dart:4257:52)
[async_value_nullable_pattern] 2025-08-13T15:57:49.000926 #1      ErrorVerifier._checkClassInheritance (package:analyzer/src/generated/error_verifier.dart:1570:7)
[async_value_nullable_pattern] 2025-08-13T15:57:49.000926 #2      ErrorVerifier.visitClassDeclaration (package:analyzer/src/generated/error_verifier.dart:463:26)
[async_value_nullable_pattern] 2025-08-13T15:57:49.000926 #3      ClassDeclarationImpl.accept (package:analyzer/src/dart/ast/ast.dart:2937:50)
[async_value_nullable_pattern] 2025-08-13T15:57:49.000926 #4      NodeListImpl.accept (package:analyzer/src/dart/ast/ast.dart:13245:20)
[async_value_nullable_pattern] 2025-08-13T15:57:49.000926 #5      CompilationUnitImpl.visitChildren (package:analyzer/src/dart/ast/ast.dart:3613:21)
[async_value_nullable_pattern] 2025-08-13T15:57:49.000926 #6      RecursiveAstVisitor.visitCompilationUnit (package:analyzer/dart/ast/visitor.dart:964:10)
[async_value_nullable_pattern] 2025-08-13T15:57:49.000926 #7      ErrorVerifier.visitCompilationUnit (package:analyzer/src/generated/error_verifier.dart:548:11)
[async_value_nullable_pattern] 2025-08-13T15:57:49.000926 #8      CompilationUnitImpl.accept (package:analyzer/src/dart/ast/ast.dart:3606:50)
[async_value_nullable_pattern] 2025-08-13T15:57:49.000926 #9      LibraryAnalyzer._computeVerifyErrors (package:analyzer/src/dart/analysis/library_analyzer.dart:485:10)
[async_value_nullable_pattern] 2025-08-13T15:57:49.000926 #10     LibraryAnalyzer._computeDiagnostics (package:analyzer/src/dart/analysis/library_analyzer.dart:328:7)
[async_value_nullable_pattern] 2025-08-13T15:57:49.000926 #11     LibraryAnalyzer.analyze.<anonymous closure> (package:analyzer/src/dart/analysis/library_analyzer.dart:126:7)
[async_value_nullable_pattern] 2025-08-13T15:57:49.000926 #12     OperationPerformanceImpl.run (package:analyzer/src/util/performance/operation_performance.dart:155:23)
[async_value_nullable_pattern] 2025-08-13T15:57:49.000926 #13     LibraryAnalyzer.analyze (package:analyzer/src/dart/analysis/library_analyzer.dart:125:17)
[async_value_nullable_pattern] 2025-08-13T15:57:49.000926 #14     AnalysisDriver._analyzeFileImpl.<anonymous closure>.<anonymous closure> (package:analyzer/src/dart/analysis/driver.dart:1417:13)
[async_value_nullable_pattern] 2025-08-13T15:57:49.000926 #15     OperationPerformanceImpl.run (package:analyzer/src/util/performance/operation_performance.dart:155:23)
[async_value_nullable_pattern] 2025-08-13T15:57:49.000926 #16     AnalysisDriver._analyzeFileImpl.<anonymous closure> (package:analyzer/src/dart/analysis/driver.dart:1406:35)
[async_value_nullable_pattern] 2025-08-13T15:57:49.000926 #17     PerformanceLog.run (package:analyzer/src/dart/analysis/performance_logger.dart:38:15)
[async_value_nullable_pattern] 2025-08-13T15:57:49.000926 #18     AnalysisDriver._analyzeFileImpl (package:analyzer/src/dart/analysis/driver.dart:1348:20)
[async_value_nullable_pattern] 2025-08-13T15:57:49.000926 #19     AnalysisDriver._analyzeFile.<anonymous closure> (package:analyzer/src/dart/analysis/driver.dart:1325:9)
[async_value_nullable_pattern] 2025-08-13T15:57:49.000926 #20     OperationPerformanceImpl.run (package:analyzer/src/util/performance/operation_performance.dart:155:23)
[async_value_nullable_pattern] 2025-08-13T15:57:49.000926 #21     AnalysisDriver._analyzeFile (package:analyzer/src/dart/analysis/driver.dart:1322:38)
[async_value_nullable_pattern] 2025-08-13T15:57:49.000926 #22     AnalysisDriver.performWork (package:analyzer/src/dart/analysis/driver.dart:1217:7)
[async_value_nullable_pattern] 2025-08-13T15:57:49.000926 #23     AnalysisDriverScheduler._run (package:analyzer/src/dart/analysis/driver.dart:2659:24)
[async_value_nullable_pattern] 2025-08-13T15:57:49.000926 <asynchronous suspension>
[async_value_nullable_pattern] 2025-08-13T15:57:49.000926
[async_value_nullable_pattern] 2025-08-13T15:57:49.002419 Plugin async_value_nullable_pattern threw while analyzing C:\Users\davi5\OneDrive\Desktop\Cinebox\lib\ui\splash\splash_screen.dart:
[async_value_nullable_pattern] 2025-08-13T15:57:49.002419 Null check operator used on a null value
[async_value_nullable_pattern] 2025-08-13T15:57:49.002419 #0      ErrorVerifier._checkForMixinWithConflictingPrivateMember (package:analyzer/src/generated/error_verifier.dart:4257:52)
[async_value_nullable_pattern] 2025-08-13T15:57:49.002419 #1      ErrorVerifier._checkClassInheritance (package:analyzer/src/generated/error_verifier.dart:1570:7)
[async_value_nullable_pattern] 2025-08-13T15:57:49.002419 #2      ErrorVerifier.visitClassDeclaration (package:analyzer/src/generated/error_verifier.dart:463:26)
[async_value_nullable_pattern] 2025-08-13T15:57:49.002419 #3      ClassDeclarationImpl.accept (package:analyzer/src/dart/ast/ast.dart:2937:50)
[async_value_nullable_pattern] 2025-08-13T15:57:49.002419 #4      NodeListImpl.accept (package:analyzer/src/dart/ast/ast.dart:13245:20)
[async_value_nullable_pattern] 2025-08-13T15:57:49.002419 #5      CompilationUnitImpl.visitChildren (package:analyzer/src/dart/ast/ast.dart:3613:21)
[async_value_nullable_pattern] 2025-08-13T15:57:49.002419 #6      RecursiveAstVisitor.visitCompilationUnit (package:analyzer/dart/ast/visitor.dart:964:10)
[async_value_nullable_pattern] 2025-08-13T15:57:49.002419 #7      ErrorVerifier.visitCompilationUnit (package:analyzer/src/generated/error_verifier.dart:548:11)
[async_value_nullable_pattern] 2025-08-13T15:57:49.002419 #8      CompilationUnitImpl.accept (package:analyzer/src/dart/ast/ast.dart:3606:50)
[async_value_nullable_pattern] 2025-08-13T15:57:49.002419 #9      LibraryAnalyzer._computeVerifyErrors (package:analyzer/src/dart/analysis/library_analyzer.dart:485:10)
[async_value_nullable_pattern] 2025-08-13T15:57:49.002419 #10     LibraryAnalyzer._computeDiagnostics (package:analyzer/src/dart/analysis/library_analyzer.dart:328:7)
[async_value_nullable_pattern] 2025-08-13T15:57:49.002419 #11     LibraryAnalyzer.analyze.<anonymous closure> (package:analyzer/src/dart/analysis/library_analyzer.dart:126:7)
[async_value_nullable_pattern] 2025-08-13T15:57:49.002419 #12     OperationPerformanceImpl.run (package:analyzer/src/util/performance/operation_performance.dart:155:23)
[async_value_nullable_pattern] 2025-08-13T15:57:49.002419 #13     LibraryAnalyzer.analyze (package:analyzer/src/dart/analysis/library_analyzer.dart:125:17)
[async_value_nullable_pattern] 2025-08-13T15:57:49.002419 #14     AnalysisDriver._analyzeFileImpl.<anonymous closure>.<anonymous closure> (package:analyzer/src/dart/analysis/driver.dart:1417:13)
[async_value_nullable_pattern] 2025-08-13T15:57:49.002419 #15     OperationPerformanceImpl.run (package:analyzer/src/util/performance/operation_performance.dart:155:23)
[async_value_nullable_pattern] 2025-08-13T15:57:49.002419 #16     AnalysisDriver._analyzeFileImpl.<anonymous closure> (package:analyzer/src/dart/analysis/driver.dart:1406:35)
[async_value_nullable_pattern] 2025-08-13T15:57:49.002419 #17     PerformanceLog.run (package:analyzer/src/dart/analysis/performance_logger.dart:38:15)
[async_value_nullable_pattern] 2025-08-13T15:57:49.002419 #18     AnalysisDriver._analyzeFileImpl (package:analyzer/src/dart/analysis/driver.dart:1348:20)
[async_value_nullable_pattern] 2025-08-13T15:57:49.002419 #19     AnalysisDriver._analyzeFile.<anonymous closure> (package:analyzer/src/dart/analysis/driver.dart:1325:9)
[async_value_nullable_pattern] 2025-08-13T15:57:49.002419 #20     OperationPerformanceImpl.run (package:analyzer/src/util/performance/operation_performance.dart:155:23)
[async_value_nullable_pattern] 2025-08-13T15:57:49.002419 #21     AnalysisDriver._analyzeFile (package:analyzer/src/dart/analysis/driver.dart:1322:38)
[async_value_nullable_pattern] 2025-08-13T15:57:49.002419 #22     AnalysisDriver.performWork (package:analyzer/src/dart/analysis/driver.dart:1217:7)
[async_value_nullable_pattern] 2025-08-13T15:57:49.002419 #23     AnalysisDriverScheduler._run (package:analyzer/src/dart/analysis/driver.dart:2659:24)
[async_value_nullable_pattern] 2025-08-13T15:57:49.002419 <asynchronous suspension>
[async_value_nullable_pattern] 2025-08-13T15:57:49.002419
[async_value_nullable_pattern] 2025-08-13T16:01:07.330937 Plugin async_value_nullable_pattern threw while analyzing C:\Users\davi5\OneDrive\Desktop\Cinebox\lib\ui\splash\splash_screen.dart:
[async_value_nullable_pattern] 2025-08-13T16:01:07.330937 Null check operator used on a null value
[async_value_nullable_pattern] 2025-08-13T16:01:07.330937 #0      ErrorVerifier._checkForMixinWithConflictingPrivateMember (package:analyzer/src/generated/error_verifier.dart:4257:52)
[async_value_nullable_pattern] 2025-08-13T16:01:07.330937 #1      ErrorVerifier._checkClassInheritance (package:analyzer/src/generated/error_verifier.dart:1570:7)
[async_value_nullable_pattern] 2025-08-13T16:01:07.330937 #2      ErrorVerifier.visitClassDeclaration (package:analyzer/src/generated/error_verifier.dart:463:26)
[async_value_nullable_pattern] 2025-08-13T16:01:07.330937 #3      ClassDeclarationImpl.accept (package:analyzer/src/dart/ast/ast.dart:2937:50)
[async_value_nullable_pattern] 2025-08-13T16:01:07.330937 #4      NodeListImpl.accept (package:analyzer/src/dart/ast/ast.dart:13245:20)
[async_value_nullable_pattern] 2025-08-13T16:01:07.330937 #5      CompilationUnitImpl.visitChildren (package:analyzer/src/dart/ast/ast.dart:3613:21)
[async_value_nullable_pattern] 2025-08-13T16:01:07.330937 #6      RecursiveAstVisitor.visitCompilationUnit (package:analyzer/dart/ast/visitor.dart:964:10)
[async_value_nullable_pattern] 2025-08-13T16:01:07.330937 #7      ErrorVerifier.visitCompilationUnit (package:analyzer/src/generated/error_verifier.dart:548:11)
[async_value_nullable_pattern] 2025-08-13T16:01:07.330937 #8      CompilationUnitImpl.accept (package:analyzer/src/dart/ast/ast.dart:3606:50)
[async_value_nullable_pattern] 2025-08-13T16:01:07.330937 #9      LibraryAnalyzer._computeVerifyErrors (package:analyzer/src/dart/analysis/library_analyzer.dart:485:10)
[async_value_nullable_pattern] 2025-08-13T16:01:07.330937 #10     LibraryAnalyzer._computeDiagnostics (package:analyzer/src/dart/analysis/library_analyzer.dart:328:7)
[async_value_nullable_pattern] 2025-08-13T16:01:07.330937 #11     LibraryAnalyzer.analyze.<anonymous closure> (package:analyzer/src/dart/analysis/library_analyzer.dart:126:7)
[async_value_nullable_pattern] 2025-08-13T16:01:07.330937 #12     OperationPerformanceImpl.run (package:analyzer/src/util/performance/operation_performance.dart:155:23)
[async_value_nullable_pattern] 2025-08-13T16:01:07.330937 #13     LibraryAnalyzer.analyze (package:analyzer/src/dart/analysis/library_analyzer.dart:125:17)
[async_value_nullable_pattern] 2025-08-13T16:01:07.330937 #14     AnalysisDriver._analyzeFileImpl.<anonymous closure>.<anonymous closure> (package:analyzer/src/dart/analysis/driver.dart:1417:13)
[async_value_nullable_pattern] 2025-08-13T16:01:07.330937 #15     OperationPerformanceImpl.run (package:analyzer/src/util/performance/operation_performance.dart:155:23)
[async_value_nullable_pattern] 2025-08-13T16:01:07.330937 #16     AnalysisDriver._analyzeFileImpl.<anonymous closure> (package:analyzer/src/dart/analysis/driver.dart:1406:35)
[async_value_nullable_pattern] 2025-08-13T16:01:07.330937 #17     PerformanceLog.run (package:analyzer/src/dart/analysis/performance_logger.dart:38:15)
[async_value_nullable_pattern] 2025-08-13T16:01:07.330937 #18     AnalysisDriver._analyzeFileImpl (package:analyzer/src/dart/analysis/driver.dart:1348:20)
[async_value_nullable_pattern] 2025-08-13T16:01:07.330937 #19     AnalysisDriver._analyzeFile.<anonymous closure> (package:analyzer/src/dart/analysis/driver.dart:1325:9)
[async_value_nullable_pattern] 2025-08-13T16:01:07.330937 #20     OperationPerformanceImpl.run (package:analyzer/src/util/performance/operation_performance.dart:155:23)
[async_value_nullable_pattern] 2025-08-13T16:01:07.330937 #21     AnalysisDriver._analyzeFile (package:analyzer/src/dart/analysis/driver.dart:1322:38)
[async_value_nullable_pattern] 2025-08-13T16:01:07.330937 #22     AnalysisDriver.performWork (package:analyzer/src/dart/analysis/driver.dart:1217:7)
[async_value_nullable_pattern] 2025-08-13T16:01:07.330937 #23     AnalysisDriverScheduler._run (package:analyzer/src/dart/analysis/driver.dart:2659:24)
[async_value_nullable_pattern] 2025-08-13T16:01:07.330937 <asynchronous suspension>
[async_value_nullable_pattern] 2025-08-13T16:01:07.330937
[async_value_nullable_pattern] 2025-08-13T16:01:07.331943 Plugin async_value_nullable_pattern threw while analyzing C:\Users\davi5\OneDrive\Desktop\Cinebox\lib\ui\splash\splash_screen.dart:
[async_value_nullable_pattern] 2025-08-13T16:01:07.331943 Null check operator used on a null value
[async_value_nullable_pattern] 2025-08-13T16:01:07.331943 #0      ErrorVerifier._checkForMixinWithConflictingPrivateMember (package:analyzer/src/generated/error_verifier.dart:4257:52)
[async_value_nullable_pattern] 2025-08-13T16:01:07.331943 #1      ErrorVerifier._checkClassInheritance (package:analyzer/src/generated/error_verifier.dart:1570:7)
[async_value_nullable_pattern] 2025-08-13T16:01:07.331943 #2      ErrorVerifier.visitClassDeclaration (package:analyzer/src/generated/error_verifier.dart:463:26)
[async_value_nullable_pattern] 2025-08-13T16:01:07.331943 #3      ClassDeclarationImpl.accept (package:analyzer/src/dart/ast/ast.dart:2937:50)
[async_value_nullable_pattern] 2025-08-13T16:01:07.331943 #4      NodeListImpl.accept (package:analyzer/src/dart/ast/ast.dart:13245:20)
[async_value_nullable_pattern] 2025-08-13T16:01:07.331943 #5      CompilationUnitImpl.visitChildren (package:analyzer/src/dart/ast/ast.dart:3613:21)
[async_value_nullable_pattern] 2025-08-13T16:01:07.331943 #6      RecursiveAstVisitor.visitCompilationUnit (package:analyzer/dart/ast/visitor.dart:964:10)
[async_value_nullable_pattern] 2025-08-13T16:01:07.331943 #7      ErrorVerifier.visitCompilationUnit (package:analyzer/src/generated/error_verifier.dart:548:11)
[async_value_nullable_pattern] 2025-08-13T16:01:07.331943 #8      CompilationUnitImpl.accept (package:analyzer/src/dart/ast/ast.dart:3606:50)
[async_value_nullable_pattern] 2025-08-13T16:01:07.331943 #9      LibraryAnalyzer._computeVerifyErrors (package:analyzer/src/dart/analysis/library_analyzer.dart:485:10)
[async_value_nullable_pattern] 2025-08-13T16:01:07.331943 #10     LibraryAnalyzer._computeDiagnostics (package:analyzer/src/dart/analysis/library_analyzer.dart:328:7)
[async_value_nullable_pattern] 2025-08-13T16:01:07.331943 #11     LibraryAnalyzer.analyze.<anonymous closure> (package:analyzer/src/dart/analysis/library_analyzer.dart:126:7)
[async_value_nullable_pattern] 2025-08-13T16:01:07.331943 #12     OperationPerformanceImpl.run (package:analyzer/src/util/performance/operation_performance.dart:155:23)
[async_value_nullable_pattern] 2025-08-13T16:01:07.331943 #13     LibraryAnalyzer.analyze (package:analyzer/src/dart/analysis/library_analyzer.dart:125:17)
[async_value_nullable_pattern] 2025-08-13T16:01:07.331943 #14     AnalysisDriver._analyzeFileImpl.<anonymous closure>.<anonymous closure> (package:analyzer/src/dart/analysis/driver.dart:1417:13)
[async_value_nullable_pattern] 2025-08-13T16:01:07.331943 #15     OperationPerformanceImpl.run (package:analyzer/src/util/performance/operation_performance.dart:155:23)
[async_value_nullable_pattern] 2025-08-13T16:01:07.331943 #16     AnalysisDriver._analyzeFileImpl.<anonymous closure> (package:analyzer/src/dart/analysis/driver.dart:1406:35)
[async_value_nullable_pattern] 2025-08-13T16:01:07.331943 #17     PerformanceLog.run (package:analyzer/src/dart/analysis/performance_logger.dart:38:15)
[async_value_nullable_pattern] 2025-08-13T16:01:07.331943 #18     AnalysisDriver._analyzeFileImpl (package:analyzer/src/dart/analysis/driver.dart:1348:20)
[async_value_nullable_pattern] 2025-08-13T16:01:07.331943 #19     AnalysisDriver._analyzeFile.<anonymous closure> (package:analyzer/src/dart/analysis/driver.dart:1325:9)
[async_value_nullable_pattern] 2025-08-13T16:01:07.331943 #20     OperationPerformanceImpl.run (package:analyzer/src/util/performance/operation_performance.dart:155:23)
[async_value_nullable_pattern] 2025-08-13T16:01:07.331943 #21     AnalysisDriver._analyzeFile (package:analyzer/src/dart/analysis/driver.dart:1322:38)
[async_value_nullable_pattern] 2025-08-13T16:01:07.331943 #22     AnalysisDriver.performWork (package:analyzer/src/dart/analysis/driver.dart:1217:7)
[async_value_nullable_pattern] 2025-08-13T16:01:07.331943 #23     AnalysisDriverScheduler._run (package:analyzer/src/dart/analysis/driver.dart:2659:24)
[async_value_nullable_pattern] 2025-08-13T16:01:07.331943 <asynchronous suspension>
[async_value_nullable_pattern] 2025-08-13T16:01:07.331943
[async_value_nullable_pattern] 2025-08-13T16:01:08.902834 Plugin async_value_nullable_pattern threw while analyzing C:\Users\davi5\OneDrive\Desktop\Cinebox\lib\ui\splash\splash_screen.dart:
[async_value_nullable_pattern] 2025-08-13T16:01:08.902834 Null check operator used on a null value
[async_value_nullable_pattern] 2025-08-13T16:01:08.902834 #0      ErrorVerifier._checkForMixinWithConflictingPrivateMember (package:analyzer/src/generated/error_verifier.dart:4257:52)
[async_value_nullable_pattern] 2025-08-13T16:01:08.902834 #1      ErrorVerifier._checkClassInheritance (package:analyzer/src/generated/error_verifier.dart:1570:7)
[async_value_nullable_pattern] 2025-08-13T16:01:08.902834 #2      ErrorVerifier.visitClassDeclaration (package:analyzer/src/generated/error_verifier.dart:463:26)
[async_value_nullable_pattern] 2025-08-13T16:01:08.902834 #3      ClassDeclarationImpl.accept (package:analyzer/src/dart/ast/ast.dart:2937:50)
[async_value_nullable_pattern] 2025-08-13T16:01:08.902834 #4      NodeListImpl.accept (package:analyzer/src/dart/ast/ast.dart:13245:20)
[async_value_nullable_pattern] 2025-08-13T16:01:08.902834 #5      CompilationUnitImpl.visitChildren (package:analyzer/src/dart/ast/ast.dart:3613:21)
[async_value_nullable_pattern] 2025-08-13T16:01:08.902834 #6      RecursiveAstVisitor.visitCompilationUnit (package:analyzer/dart/ast/visitor.dart:964:10)
[async_value_nullable_pattern] 2025-08-13T16:01:08.902834 #7      ErrorVerifier.visitCompilationUnit (package:analyzer/src/generated/error_verifier.dart:548:11)
[async_value_nullable_pattern] 2025-08-13T16:01:08.902834 #8      CompilationUnitImpl.accept (package:analyzer/src/dart/ast/ast.dart:3606:50)
[async_value_nullable_pattern] 2025-08-13T16:01:08.902834 #9      LibraryAnalyzer._computeVerifyErrors (package:analyzer/src/dart/analysis/library_analyzer.dart:485:10)
[async_value_nullable_pattern] 2025-08-13T16:01:08.902834 #10     LibraryAnalyzer._computeDiagnostics (package:analyzer/src/dart/analysis/library_analyzer.dart:328:7)
[async_value_nullable_pattern] 2025-08-13T16:01:08.902834 #11     LibraryAnalyzer.analyze.<anonymous closure> (package:analyzer/src/dart/analysis/library_analyzer.dart:126:7)
[async_value_nullable_pattern] 2025-08-13T16:01:08.902834 #12     OperationPerformanceImpl.run (package:analyzer/src/util/performance/operation_performance.dart:155:23)
[async_value_nullable_pattern] 2025-08-13T16:01:08.902834 #13     LibraryAnalyzer.analyze (package:analyzer/src/dart/analysis/library_analyzer.dart:125:17)
[async_value_nullable_pattern] 2025-08-13T16:01:08.902834 #14     AnalysisDriver._analyzeFileImpl.<anonymous closure>.<anonymous closure> (package:analyzer/src/dart/analysis/driver.dart:1417:13)
[async_value_nullable_pattern] 2025-08-13T16:01:08.902834 #15     OperationPerformanceImpl.run (package:analyzer/src/util/performance/operation_performance.dart:155:23)
[async_value_nullable_pattern] 2025-08-13T16:01:08.902834 #16     AnalysisDriver._analyzeFileImpl.<anonymous closure> (package:analyzer/src/dart/analysis/driver.dart:1406:35)
[async_value_nullable_pattern] 2025-08-13T16:01:08.902834 #17     PerformanceLog.run (package:analyzer/src/dart/analysis/performance_logger.dart:38:15)
[async_value_nullable_pattern] 2025-08-13T16:01:08.902834 #18     AnalysisDriver._analyzeFileImpl (package:analyzer/src/dart/analysis/driver.dart:1348:20)
[async_value_nullable_pattern] 2025-08-13T16:01:08.902834 #19     AnalysisDriver._analyzeFile.<anonymous closure> (package:analyzer/src/dart/analysis/driver.dart:1325:9)
[async_value_nullable_pattern] 2025-08-13T16:01:08.902834 #20     OperationPerformanceImpl.run (package:analyzer/src/util/performance/operation_performance.dart:155:23)
[async_value_nullable_pattern] 2025-08-13T16:01:08.902834 #21     AnalysisDriver._analyzeFile (package:analyzer/src/dart/analysis/driver.dart:1322:38)
[async_value_nullable_pattern] 2025-08-13T16:01:08.902834 #22     AnalysisDriver.performWork (package:analyzer/src/dart/analysis/driver.dart:1217:7)
[async_value_nullable_pattern] 2025-08-13T16:01:08.902834 #23     AnalysisDriverScheduler._run (package:analyzer/src/dart/analysis/driver.dart:2659:24)
[async_value_nullable_pattern] 2025-08-13T16:01:08.902834 <asynchronous suspension>
[async_value_nullable_pattern] 2025-08-13T16:01:08.902834
[async_value_nullable_pattern] 2025-08-13T16:01:08.903831 Plugin async_value_nullable_pattern threw while analyzing C:\Users\davi5\OneDrive\Desktop\Cinebox\lib\ui\splash\splash_screen.dart:
[async_value_nullable_pattern] 2025-08-13T16:01:08.903831 Null check operator used on a null value
[async_value_nullable_pattern] 2025-08-13T16:01:08.903831 #0      ErrorVerifier._checkForMixinWithConflictingPrivateMember (package:analyzer/src/generated/error_verifier.dart:4257:52)
[async_value_nullable_pattern] 2025-08-13T16:01:08.903831 #1      ErrorVerifier._checkClassInheritance (package:analyzer/src/generated/error_verifier.dart:1570:7)
[async_value_nullable_pattern] 2025-08-13T16:01:08.903831 #2      ErrorVerifier.visitClassDeclaration (package:analyzer/src/generated/error_verifier.dart:463:26)
[async_value_nullable_pattern] 2025-08-13T16:01:08.903831 #3      ClassDeclarationImpl.accept (package:analyzer/src/dart/ast/ast.dart:2937:50)
[async_value_nullable_pattern] 2025-08-13T16:01:08.903831 #4      NodeListImpl.accept (package:analyzer/src/dart/ast/ast.dart:13245:20)
[async_value_nullable_pattern] 2025-08-13T16:01:08.903831 #5      CompilationUnitImpl.visitChildren (package:analyzer/src/dart/ast/ast.dart:3613:21)
[async_value_nullable_pattern] 2025-08-13T16:01:08.903831 #6      RecursiveAstVisitor.visitCompilationUnit (package:analyzer/dart/ast/visitor.dart:964:10)
[async_value_nullable_pattern] 2025-08-13T16:01:08.903831 #7      ErrorVerifier.visitCompilationUnit (package:analyzer/src/generated/error_verifier.dart:548:11)
[async_value_nullable_pattern] 2025-08-13T16:01:08.903831 #8      CompilationUnitImpl.accept (package:analyzer/src/dart/ast/ast.dart:3606:50)
[async_value_nullable_pattern] 2025-08-13T16:01:08.903831 #9      LibraryAnalyzer._computeVerifyErrors (package:analyzer/src/dart/analysis/library_analyzer.dart:485:10)
[async_value_nullable_pattern] 2025-08-13T16:01:08.903831 #10     LibraryAnalyzer._computeDiagnostics (package:analyzer/src/dart/analysis/library_analyzer.dart:328:7)
[async_value_nullable_pattern] 2025-08-13T16:01:08.903831 #11     LibraryAnalyzer.analyze.<anonymous closure> (package:analyzer/src/dart/analysis/library_analyzer.dart:126:7)
[async_value_nullable_pattern] 2025-08-13T16:01:08.903831 #12     OperationPerformanceImpl.run (package:analyzer/src/util/performance/operation_performance.dart:155:23)
[async_value_nullable_pattern] 2025-08-13T16:01:08.903831 #13     LibraryAnalyzer.analyze (package:analyzer/src/dart/analysis/library_analyzer.dart:125:17)
[async_value_nullable_pattern] 2025-08-13T16:01:08.903831 #14     AnalysisDriver._analyzeFileImpl.<anonymous closure>.<anonymous closure> (package:analyzer/src/dart/analysis/driver.dart:1417:13)
[async_value_nullable_pattern] 2025-08-13T16:01:08.903831 #15     OperationPerformanceImpl.run (package:analyzer/src/util/performance/operation_performance.dart:155:23)
[async_value_nullable_pattern] 2025-08-13T16:01:08.903831 #16     AnalysisDriver._analyzeFileImpl.<anonymous closure> (package:analyzer/src/dart/analysis/driver.dart:1406:35)
[async_value_nullable_pattern] 2025-08-13T16:01:08.903831 #17     PerformanceLog.run (package:analyzer/src/dart/analysis/performance_logger.dart:38:15)
[async_value_nullable_pattern] 2025-08-13T16:01:08.903831 #18     AnalysisDriver._analyzeFileImpl (package:analyzer/src/dart/analysis/driver.dart:1348:20)
[async_value_nullable_pattern] 2025-08-13T16:01:08.903831 #19     AnalysisDriver._analyzeFile.<anonymous closure> (package:analyzer/src/dart/analysis/driver.dart:1325:9)
[async_value_nullable_pattern] 2025-08-13T16:01:08.903831 #20     OperationPerformanceImpl.run (package:analyzer/src/util/performance/operation_performance.dart:155:23)
[async_value_nullable_pattern] 2025-08-13T16:01:08.903831 #21     AnalysisDriver._analyzeFile (package:analyzer/src/dart/analysis/driver.dart:1322:38)
[async_value_nullable_pattern] 2025-08-13T16:01:08.903831 #22     AnalysisDriver.performWork (package:analyzer/src/dart/analysis/driver.dart:1217:7)
[async_value_nullable_pattern] 2025-08-13T16:01:08.903831 #23     AnalysisDriverScheduler._run (package:analyzer/src/dart/analysis/driver.dart:2659:24)
[async_value_nullable_pattern] 2025-08-13T16:01:08.903831 <asynchronous suspension>
[async_value_nullable_pattern] 2025-08-13T16:01:08.903831
[async_value_nullable_pattern] 2025-08-13T16:01:10.302550 Plugin async_value_nullable_pattern threw while analyzing C:\Users\davi5\OneDrive\Desktop\Cinebox\lib\ui\splash\splash_screen.dart:
[async_value_nullable_pattern] 2025-08-13T16:01:10.302550 Null check operator used on a null value
[async_value_nullable_pattern] 2025-08-13T16:01:10.302550 #0      ErrorVerifier._checkForMixinWithConflictingPrivateMember (package:analyzer/src/generated/error_verifier.dart:4257:52)
[async_value_nullable_pattern] 2025-08-13T16:01:10.302550 #1      ErrorVerifier._checkClassInheritance (package:analyzer/src/generated/error_verifier.dart:1570:7)
[async_value_nullable_pattern] 2025-08-13T16:01:10.302550 #2      ErrorVerifier.visitClassDeclaration (package:analyzer/src/generated/error_verifier.dart:463:26)
[async_value_nullable_pattern] 2025-08-13T16:01:10.302550 #3      ClassDeclarationImpl.accept (package:analyzer/src/dart/ast/ast.dart:2937:50)
[async_value_nullable_pattern] 2025-08-13T16:01:10.302550 #4      NodeListImpl.accept (package:analyzer/src/dart/ast/ast.dart:13245:20)
[async_value_nullable_pattern] 2025-08-13T16:01:10.302550 #5      CompilationUnitImpl.visitChildren (package:analyzer/src/dart/ast/ast.dart:3613:21)
[async_value_nullable_pattern] 2025-08-13T16:01:10.302550 #6      RecursiveAstVisitor.visitCompilationUnit (package:analyzer/dart/ast/visitor.dart:964:10)
[async_value_nullable_pattern] 2025-08-13T16:01:10.302550 #7      ErrorVerifier.visitCompilationUnit (package:analyzer/src/generated/error_verifier.dart:548:11)
[async_value_nullable_pattern] 2025-08-13T16:01:10.302550 #8      CompilationUnitImpl.accept (package:analyzer/src/dart/ast/ast.dart:3606:50)
[async_value_nullable_pattern] 2025-08-13T16:01:10.302550 #9      LibraryAnalyzer._computeVerifyErrors (package:analyzer/src/dart/analysis/library_analyzer.dart:485:10)
[async_value_nullable_pattern] 2025-08-13T16:01:10.302550 #10     LibraryAnalyzer._computeDiagnostics (package:analyzer/src/dart/analysis/library_analyzer.dart:328:7)
[async_value_nullable_pattern] 2025-08-13T16:01:10.302550 #11     LibraryAnalyzer.analyze.<anonymous closure> (package:analyzer/src/dart/analysis/library_analyzer.dart:126:7)
[async_value_nullable_pattern] 2025-08-13T16:01:10.302550 #12     OperationPerformanceImpl.run (package:analyzer/src/util/performance/operation_performance.dart:155:23)
[async_value_nullable_pattern] 2025-08-13T16:01:10.302550 #13     LibraryAnalyzer.analyze (package:analyzer/src/dart/analysis/library_analyzer.dart:125:17)
[async_value_nullable_pattern] 2025-08-13T16:01:10.302550 #14     AnalysisDriver._analyzeFileImpl.<anonymous closure>.<anonymous closure> (package:analyzer/src/dart/analysis/driver.dart:1417:13)
[async_value_nullable_pattern] 2025-08-13T16:01:10.302550 #15     OperationPerformanceImpl.run (package:analyzer/src/util/performance/operation_performance.dart:155:23)
[async_value_nullable_pattern] 2025-08-13T16:01:10.302550 #16     AnalysisDriver._analyzeFileImpl.<anonymous closure> (package:analyzer/src/dart/analysis/driver.dart:1406:35)
[async_value_nullable_pattern] 2025-08-13T16:01:10.302550 #17     PerformanceLog.run (package:analyzer/src/dart/analysis/performance_logger.dart:38:15)
[async_value_nullable_pattern] 2025-08-13T16:01:10.302550 #18     AnalysisDriver._analyzeFileImpl (package:analyzer/src/dart/analysis/driver.dart:1348:20)
[async_value_nullable_pattern] 2025-08-13T16:01:10.302550 #19     AnalysisDriver._analyzeFile.<anonymous closure> (package:analyzer/src/dart/analysis/driver.dart:1325:9)
[async_value_nullable_pattern] 2025-08-13T16:01:10.302550 #20     OperationPerformanceImpl.run (package:analyzer/src/util/performance/operation_performance.dart:155:23)
[async_value_nullable_pattern] 2025-08-13T16:01:10.302550 #21     AnalysisDriver._analyzeFile (package:analyzer/src/dart/analysis/driver.dart:1322:38)
[async_value_nullable_pattern] 2025-08-13T16:01:10.302550 #22     AnalysisDriver.performWork (package:analyzer/src/dart/analysis/driver.dart:1217:7)
[async_value_nullable_pattern] 2025-08-13T16:01:10.302550 #23     AnalysisDriverScheduler._run (package:analyzer/src/dart/analysis/driver.dart:2659:24)
[async_value_nullable_pattern] 2025-08-13T16:01:10.302550 <asynchronous suspension>
[async_value_nullable_pattern] 2025-08-13T16:01:10.302550
[async_value_nullable_pattern] 2025-08-13T16:01:10.303128 Plugin async_value_nullable_pattern threw while analyzing C:\Users\davi5\OneDrive\Desktop\Cinebox\lib\ui\splash\splash_screen.dart:
[async_value_nullable_pattern] 2025-08-13T16:01:10.303128 Null check operator used on a null value
[async_value_nullable_pattern] 2025-08-13T16:01:10.303128 #0      ErrorVerifier._checkForMixinWithConflictingPrivateMember (package:analyzer/src/generated/error_verifier.dart:4257:52)
[async_value_nullable_pattern] 2025-08-13T16:01:10.303128 #1      ErrorVerifier._checkClassInheritance (package:analyzer/src/generated/error_verifier.dart:1570:7)
[async_value_nullable_pattern] 2025-08-13T16:01:10.303128 #2      ErrorVerifier.visitClassDeclaration (package:analyzer/src/generated/error_verifier.dart:463:26)
[async_value_nullable_pattern] 2025-08-13T16:01:10.303128 #3      ClassDeclarationImpl.accept (package:analyzer/src/dart/ast/ast.dart:2937:50)
[async_value_nullable_pattern] 2025-08-13T16:01:10.303128 #4      NodeListImpl.accept (package:analyzer/src/dart/ast/ast.dart:13245:20)
[async_value_nullable_pattern] 2025-08-13T16:01:10.303128 #5      CompilationUnitImpl.visitChildren (package:analyzer/src/dart/ast/ast.dart:3613:21)
[async_value_nullable_pattern] 2025-08-13T16:01:10.303128 #6      RecursiveAstVisitor.visitCompilationUnit (package:analyzer/dart/ast/visitor.dart:964:10)
[async_value_nullable_pattern] 2025-08-13T16:01:10.303128 #7      ErrorVerifier.visitCompilationUnit (package:analyzer/src/generated/error_verifier.dart:548:11)
[async_value_nullable_pattern] 2025-08-13T16:01:10.303128 #8      CompilationUnitImpl.accept (package:analyzer/src/dart/ast/ast.dart:3606:50)
[async_value_nullable_pattern] 2025-08-13T16:01:10.303128 #9      LibraryAnalyzer._computeVerifyErrors (package:analyzer/src/dart/analysis/library_analyzer.dart:485:10)
[async_value_nullable_pattern] 2025-08-13T16:01:10.303128 #10     LibraryAnalyzer._computeDiagnostics (package:analyzer/src/dart/analysis/library_analyzer.dart:328:7)
[async_value_nullable_pattern] 2025-08-13T16:01:10.303128 #11     LibraryAnalyzer.analyze.<anonymous closure> (package:analyzer/src/dart/analysis/library_analyzer.dart:126:7)
[async_value_nullable_pattern] 2025-08-13T16:01:10.303128 #12     OperationPerformanceImpl.run (package:analyzer/src/util/performance/operation_performance.dart:155:23)
[async_value_nullable_pattern] 2025-08-13T16:01:10.303128 #13     LibraryAnalyzer.analyze (package:analyzer/src/dart/analysis/library_analyzer.dart:125:17)
[async_value_nullable_pattern] 2025-08-13T16:01:10.303128 #14     AnalysisDriver._analyzeFileImpl.<anonymous closure>.<anonymous closure> (package:analyzer/src/dart/analysis/driver.dart:1417:13)
[async_value_nullable_pattern] 2025-08-13T16:01:10.303128 #15     OperationPerformanceImpl.run (package:analyzer/src/util/performance/operation_performance.dart:155:23)
[async_value_nullable_pattern] 2025-08-13T16:01:10.303128 #16     AnalysisDriver._analyzeFileImpl.<anonymous closure> (package:analyzer/src/dart/analysis/driver.dart:1406:35)
[async_value_nullable_pattern] 2025-08-13T16:01:10.303128 #17     PerformanceLog.run (package:analyzer/src/dart/analysis/performance_logger.dart:38:15)
[async_value_nullable_pattern] 2025-08-13T16:01:10.303128 #18     AnalysisDriver._analyzeFileImpl (package:analyzer/src/dart/analysis/driver.dart:1348:20)
[async_value_nullable_pattern] 2025-08-13T16:01:10.303128 #19     AnalysisDriver._analyzeFile.<anonymous closure> (package:analyzer/src/dart/analysis/driver.dart:1325:9)
[async_value_nullable_pattern] 2025-08-13T16:01:10.303128 #20     OperationPerformanceImpl.run (package:analyzer/src/util/performance/operation_performance.dart:155:23)
[async_value_nullable_pattern] 2025-08-13T16:01:10.303128 #21     AnalysisDriver._analyzeFile (package:analyzer/src/dart/analysis/driver.dart:1322:38)
[async_value_nullable_pattern] 2025-08-13T16:01:10.303128 #22     AnalysisDriver.performWork (package:analyzer/src/dart/analysis/driver.dart:1217:7)
[async_value_nullable_pattern] 2025-08-13T16:01:10.303128 #23     AnalysisDriverScheduler._run (package:analyzer/src/dart/analysis/driver.dart:2659:24)
[async_value_nullable_pattern] 2025-08-13T16:01:10.303128 <asynchronous suspension>
[async_value_nullable_pattern] 2025-08-13T16:01:10.303128
[WrapWithConsumer] 2025-08-13T16:51:25.692388 Plugin WrapWithConsumer threw while analyzing C:\Users\davi5\OneDrive\Desktop\Cinebox\lib\ui\pages\Login_screen.dart:
[WrapWithConsumer] 2025-08-13T16:51:25.692388 InconsistentAnalysisException: Requested result might be inconsistent with previously returned results
[WrapWithConsumer] 2025-08-13T16:51:25.692388
[WrapWithConsumer] 2025-08-13T16:51:25.692388 #0      AnalysisSessionImpl.checkConsistency (package:analyzer/src/dart/analysis/session.dart:59:7)
[WrapWithConsumer] 2025-08-13T16:51:25.692388 #1      AnalysisSessionImpl.getResolvedUnit (package:analyzer/src/dart/analysis/session.dart:160:5)
[WrapWithConsumer] 2025-08-13T16:51:25.692388 #2      ChangeBuilderImpl._createDartFileEditBuilder (package:analyzer_plugin/src/utilities/change_builder/change_builder_core.dart:321:33)
[WrapWithConsumer] 2025-08-13T16:51:25.692388 #3      ChangeBuilderImpl.addDartFileEdit (package:analyzer_plugin/src/utilities/change_builder/change_builder_core.dart:154:23)
[WrapWithConsumer] 2025-08-13T16:51:25.692388 #4      ChangeBuilderImpl.addDartFileEdit.<anonymous closure> (package:custom_lint_core/src/change_reporter.dart:242:35)
[WrapWithConsumer] 2025-08-13T16:51:25.692388 #5      new Future.<anonymous closure> (dart:async/future.dart:260:40)
[WrapWithConsumer] 2025-08-13T16:51:25.692388 #6      _rootRun (dart:async/zone.dart:1517:47)
[WrapWithConsumer] 2025-08-13T16:51:25.692388 #7      _CustomZone.run (dart:async/zone.dart:1422:19)
[WrapWithConsumer] 2025-08-13T16:51:25.692388 #8      _CustomZone.runGuarded (dart:async/zone.dart:1321:7)
[WrapWithConsumer] 2025-08-13T16:51:25.692388 #9      _CustomZone.bindCallbackGuarded.<anonymous closure> (dart:async/zone.dart:1362:23)
[WrapWithConsumer] 2025-08-13T16:51:25.692388 #10     _rootRun (dart:async/zone.dart:1525:13)
[WrapWithConsumer] 2025-08-13T16:51:25.692388 #11     _CustomZone.run (dart:async/zone.dart:1422:19)
[WrapWithConsumer] 2025-08-13T16:51:25.692388 #12     _CustomZone.bindCallback.<anonymous closure> (dart:async/zone.dart:1345:23)
[WrapWithConsumer] 2025-08-13T16:51:25.692388 #13     Timer._createTimer.<anonymous closure> (dart:async-patch/timer_patch.dart:18:15)
[WrapWithConsumer] 2025-08-13T16:51:25.692388 #14     _Timer._runTimers (dart:isolate-patch/timer_impl.dart:410:19)
[WrapWithConsumer] 2025-08-13T16:51:25.692388 #15     _Timer._handleMessage (dart:isolate-patch/timer_impl.dart:441:5)
[WrapWithConsumer] 2025-08-13T16:51:25.692388 #16     _RawReceivePort._handleMessage (dart:isolate-patch/isolate_patch.dart:193:12)
[WrapWithConsumer] 2025-08-13T16:51:25.692388
[WrapWithProviderScope] 2025-08-13T16:51:25.694386 Plugin WrapWithProviderScope threw while analyzing C:\Users\davi5\OneDrive\Desktop\Cinebox\lib\ui\pages\Login_screen.dart:
[WrapWithProviderScope] 2025-08-13T16:51:25.694386 InconsistentAnalysisException: Requested result might be inconsistent with previously returned results
[WrapWithProviderScope] 2025-08-13T16:51:25.694386
[WrapWithProviderScope] 2025-08-13T16:51:25.694386 #0      AnalysisSessionImpl.checkConsistency (package:analyzer/src/dart/analysis/session.dart:59:7)
[WrapWithProviderScope] 2025-08-13T16:51:25.694386 #1      AnalysisSessionImpl.getResolvedUnit (package:analyzer/src/dart/analysis/session.dart:160:5)
[WrapWithProviderScope] 2025-08-13T16:51:25.694386 #2      ChangeBuilderImpl._createDartFileEditBuilder (package:analyzer_plugin/src/utilities/change_builder/change_builder_core.dart:321:33)
[WrapWithProviderScope] 2025-08-13T16:51:25.694386 #3      ChangeBuilderImpl.addDartFileEdit (package:analyzer_plugin/src/utilities/change_builder/change_builder_core.dart:154:23)
[WrapWithProviderScope] 2025-08-13T16:51:25.694386 #4      ChangeBuilderImpl.addDartFileEdit.<anonymous closure> (package:custom_lint_core/src/change_reporter.dart:242:35)
[WrapWithProviderScope] 2025-08-13T16:51:25.694386 #5      new Future.<anonymous closure> (dart:async/future.dart:260:40)
[WrapWithProviderScope] 2025-08-13T16:51:25.694386 #6      _rootRun (dart:async/zone.dart:1517:47)
[WrapWithProviderScope] 2025-08-13T16:51:25.694386 #7      _CustomZone.run (dart:async/zone.dart:1422:19)
[WrapWithProviderScope] 2025-08-13T16:51:25.694386 #8      _CustomZone.runGuarded (dart:async/zone.dart:1321:7)
[WrapWithProviderScope] 2025-08-13T16:51:25.694386 #9      _CustomZone.bindCallbackGuarded.<anonymous closure> (dart:async/zone.dart:1362:23)
[WrapWithProviderScope] 2025-08-13T16:51:25.694386 #10     _rootRun (dart:async/zone.dart:1525:13)
[WrapWithProviderScope] 2025-08-13T16:51:25.694386 #11     _CustomZone.run (dart:async/zone.dart:1422:19)
[WrapWithProviderScope] 2025-08-13T16:51:25.694386 #12     _CustomZone.bindCallback.<anonymous closure> (dart:async/zone.dart:1345:23)
[WrapWithProviderScope] 2025-08-13T16:51:25.694386 #13     Timer._createTimer.<anonymous closure> (dart:async-patch/timer_patch.dart:18:15)
[WrapWithProviderScope] 2025-08-13T16:51:25.694386 #14     _Timer._runTimers (dart:isolate-patch/timer_impl.dart:410:19)
[WrapWithProviderScope] 2025-08-13T16:51:25.694386 #15     _Timer._handleMessage (dart:isolate-patch/timer_impl.dart:441:5)
[WrapWithProviderScope] 2025-08-13T16:51:25.694386 #16     _RawReceivePort._handleMessage (dart:isolate-patch/isolate_patch.dart:193:12)
[WrapWithProviderScope] 2025-08-13T16:51:25.694386
The request edit.getFixes failed with the following error:
RequestErrorCode.PLUGIN_ERROR
A request threw the exception:FileSystemException(path=C:\Users\davi5\OneDrive\Desktop\Cinebox\diff.txt; message=Failed to decode data using encoding 'utf-8')
#0      _PhysicalFile.readAsStringSync (package:analyzer/file_system/physical_file_system.dart:154:7)
#1      _OverlayFile.readAsStringSync (package:analyzer/file_system/overlay_file_system.dart:188:18)
#2      FileSource.contentsFromFile (package:analyzer/source/file_source.dart:57:12)
#3      FileSource.contents (package:analyzer/source/file_source.dart:43:12)
#4      AnalysisSessionUtils.createResolverForFile (package:custom_lint_builder/src/client.dart:66:50)
#5      _ClientAnalyzerPlugin._fileContext (package:custom_lint_builder/src/client.dart:430:38)
<asynchronous suspension>
#6      _ClientAnalyzerPlugin.handleEditGetFixes (package:custom_lint_builder/src/client.dart:604:21)
<asynchronous suspension>
#7      ServerPlugin._getResponse (package:analyzer_plugin/plugin/plugin.dart:562:18)
<asynchronous suspension>
#8      ServerPlugin._onRequest (package:analyzer_plugin/plugin/plugin.dart:597:18)
<asynchronous suspension>

at:
#0      SocketCustomLintServerToClientChannel.sendCustomLintRequest (package:custom_lint/src/v2/server_to_client_channel.dart:273:11)
<asynchronous suspension>
#1      SocketCustomLintServerToClientChannel.sendAnalyzerPluginRequest (package:custom_lint/src/v2/server_to_client_channel.dart:234:22)
<asynchronous suspension>
#2      CustomLintServer._handleRequest.<anonymous closure>.<anonymous closure> (package:custom_lint/src/v2/custom_lint_analyzer_plugin.dart:192:17)
<asynchronous suspension>
#3      PendingOperation.run (package:custom_lint/src/async_operation.dart:22:14)
<asynchronous suspension>
#4      CustomLintServer._handleRequest (package:custom_lint/src/v2/custom_lint_analyzer_plugin.dart:175:22)
<asynchronous suspension>

The request edit.getAssists failed with the following error:
RequestErrorCode.PLUGIN_ERROR
A request threw the exception:FileSystemException(path=C:\Users\davi5\OneDrive\Desktop\Cinebox\diff.txt; message=Failed to decode data using encoding 'utf-8')
#0      _PhysicalFile.readAsStringSync (package:analyzer/file_system/physical_file_system.dart:154:7)
#1      _OverlayFile.readAsStringSync (package:analyzer/file_system/overlay_file_system.dart:188:18)
#2      FileSource.contentsFromFile (package:analyzer/source/file_source.dart:57:12)
#3      FileSource.contents (package:analyzer/source/file_source.dart:43:12)
#4      AnalysisSessionUtils.createResolverForFile (package:custom_lint_builder/src/client.dart:66:50)
#5      _ClientAnalyzerPlugin.handleEditGetAssists (package:custom_lint_builder/src/client.dart:513:38)
<asynchronous suspension>
#6      ServerPlugin._getResponse (package:analyzer_plugin/plugin/plugin.dart:554:18)
<asynchronous suspension>
#7      ServerPlugin._onRequest (package:analyzer_plugin/plugin/plugin.dart:597:18)
<asynchronous suspension>

at:
#0      SocketCustomLintServerToClientChannel.sendCustomLintRequest (package:custom_lint/src/v2/server_to_client_channel.dart:273:11)
<asynchronous suspension>
#1      SocketCustomLintServerToClientChannel.sendAnalyzerPluginRequest (package:custom_lint/src/v2/server_to_client_channel.dart:234:22)
<asynchronous suspension>
#2      CustomLintServer._handleRequest.<anonymous closure>.<anonymous closure> (package:custom_lint/src/v2/custom_lint_analyzer_plugin.dart:192:17)
<asynchronous suspension>
#3      PendingOperation.run (package:custom_lint/src/async_operation.dart:22:14)
<asynchronous suspension>
#4      CustomLintServer._handleRequest (package:custom_lint/src/v2/custom_lint_analyzer_plugin.dart:175:22)
<asynchronous suspension>

